{
  "MANDATORY_BYTE_CODE_HAR_FOR_CUSTOMIZED_HAR": {
    "code": "00303276",
    "message": "The har module must be set to byte code har when building customized har. At file: %s",
    "solutions": [
      "Make sure buildOption-arkOptions-byteCodeHar is set to true in module-level build-profile.json5.",
      "Make sure app-products-buildOption-strictMode-useNormalizedOHMUrl is set to true in project-level build-profile.json5."
    ]
  },
  "COMPILE_ENTRY_FILE_NOT_SUPPORTED": {
    "code": "00303277",
    "message": "ohos.compile.lib.entryfile must not set to true when building customized har. At file: %s",
    "solutions": [
      "Make sure ohos.compile.lib.entryfile is false or empty."
    ]
  },
  "MODULE_NOT_FOUND": {
    "code": "00303252",
    "message": "Referenced module '%s' not found. At file: %s",
    "solutions": [
      "Make sure the module exist in project."
    ]
  },
  "FORM_EXTENSION_MODULE_INVALID_TYPE": {
    "code": "00303253",
    "message": "formExtensionModule can only reference entry or feature modules, but '%s' is of type '%s'.\n. At file: %s",
    "solutions": [
      "Make sure formExtensionModule is set to a HAP module."
    ]
  },
  "FORM_MODULE_INVALID_MAPPING": {
    "code": "00303254",
    "message": "Referenced module '%s' must have formWidgetModule/formExtensionModule pointing back to '%s' to establish a bidirectional reference.\nModule '%s' at file: %s \nModule '%s' at file: %s",
    "solutions": [
      "If module '%s' is a HAP module. Set formWidgetModule to module '%s'.",
      "If module '%s' is a HSP module. Set formExtensionModule to module '%s'."
    ]
  },
  "NO_FORM_ABILITY_ALLOWED": {
    "code": "00303255",
    "message": "Embedded widgets and standalone widgets must not be used together. Form config found at file: %s \n module.json at file: %s",
    "solutions": [
      "Remove the form config found above"
    ]
  },
  "FORM_WIDGET_MODULE_INVALID_DEPENDENCY": {
    "code": "00303256",
    "message": "When a module is a standalone widget, all of its dependencies must be HAR modules. At file: %s",
    "solutions": [
      "Remove the HSP module in dependencies field."
    ]
  },
  "FORM_MODULE_INVALID_DELIVERY_WITH_INSTALL": {
    "code": "00303257",
    "message": "Field deliveryWithInstall was not set to true. At file: %s",
    "solutions": [
      "Module with formExtensionModule/formWidgetModule field must have deliveryWithInstall set to true."
    ]
  },
  "FORM_MODULE_INVALID_API_VERSION": {
    "code": "00303258",
    "message": "Standalone widgets are not supported on API versions earlier than 20. Set compatibleSdkVersion to 6.0.0(20) or higher in the project-level build-profile.json5 file. At file: %s",
    "solutions": [
      "Upgrade the compatibleSdkVersion."
    ]
  },
  "FORM_WIDGET_MODULE_INVALID_TYPE": {
    "code": "00303259",
    "message": "formWidgetModule can only reference a hsp module, but '%s' is of type '%s'. At file: %s",
    "solutions": [
      "Make sure formWidgetModule is set to a HSP module with formExtensionModule field."
    ]
  },
  "AOT_COMPILING_UNSUPPORTED_SDK_VERSION": {
    "code": "00301003",
    "message": "Unsupported SDK version for using AOT compiling. Current SDK version is %s, but the lowest SDK version which support AOT compiling is %s.",
    "solutions": [
      "Update SDK to the latest version by going to File > Settings > %s."
    ]
  },
  "AOT_COMPILING_DEFECT_SDK_VERSION": {
    "code": "00301004",
    "message": "Current version of SDK has a bug when using AOT compiling. The compiling will continue with AOT compiling function disabled. Current SDK version is %d, but the lowest fixed SDK version is %s.",
    "solutions": [
      "Update SDK to the latest version by going to File > Settings > %s."
    ]
  },
  "MAIN_OR_FIELD_FILE_OUT_OF_SCOPE": {
    "code": "00303124",
    "message": "The path configured in field main or field types is out of scope of hsp module: %s.",
    "solutions": [
      "Make sure the path configured in main is under the directory of hsp module at file: %s",
      "Make sure the path configured in field is under the directory of hsp module at file: %s"
    ]
  },
  "MISMATCH_AOT_COMPILE_MODE": {
    "code": "00303125",
    "message": "apPath was not configured to partial at file: %s",
    "solutions": [
      "Configure aotCompileMode = \"partial\" or remove apPath field."
    ]
  },
  "PARTIAL_EMPTY_PATH": {
    "code": "00303126",
    "message": "ApPath was not configured at file: %s",
    "solutions": [
      "Under AoT's partial mode, make sure apPath are correctly configured in build-profile.json5."
    ]
  },
  "PARTIAL_INVALID_SUFFIX": {
    "code": "00303127",
    "message": "The suffix of apPath is invalid at file: %s",
    "solutions": [
      "Make sure the suffix of apPath is \".ap\"."
    ]
  },
  "PARTIAL_INVALID_PATH": {
    "code": "00304010",
    "message": "The file corresponding to apPath at %s under AoT's partial mode was not found in %s.",
    "solutions": [
      "Make sure the path configured in apPath is valid."
    ]
  },
  "REMOTE_HSP_NOT_ALLOWED": {
    "code": "00307003",
    "message": "currentBundleType is shared, but Package %s's bundleType is not shared.",
    "solutions": [
      "Make sure Package %s's bundleType is shared if the currentBundleType is shared."
    ]
  },
  "EMPTY_MIN_API_VERSION": {
    "code": "00303128",
    "message": "Incomplete dependency: %s, required data is missing.",
    "solutions": [
      "Run 'ohpm clean' in the terminal, then execute sync again to download the correct dependencies."
    ]
  },
  "HAR_UNSUPPORTED_API_VERSION": {
    "code": "00306004",
    "message": "The project's compatibleSdkVersion: %s cannot be lower than the minimum compatible version %s required by the dependencies: %s.",
    "solutions": [
      "Upgrade the current project's compatibleSdkVersion to support higher version dependencies. At file: %s",
      "Modify the compatibleSdkVersion in the project-level 'build-profile.json5' of the dependency: %s to %s.",
      "Remove the dependency (%s), or set its compatibleSdkVersion to %s or lower."
    ]
  },
  "DUPLICATE_OUTPUT_NAME":{
    "code": "00306005",
    "message": "Failed to build the app due to duplicate customized output names: %s. At file: %s",
    "solutions": [
      "Please check the customized output name in the module target configuration"
    ]
  },
  "NO_HAP_FOUND":{
    "code": "00304011",
    "message": "No HAP found for the APP. At file: %s",
    "solutions": [
      "Check the build-profile.json file or hvigorconfig.ts of the project root directory and make sure at least one target is set to specified product: %s in applyToProducts."
    ]
  },
  "UNSUPPORTED_API_VERSION_TARGET_ES_VERSION":{
    "code": "00306006",
    "message": "Unsupported API version.TargetESVersion is supported after API 12. At file: %s",
    "solutions": [
      "Check compileSdkVersion and compatibleSdkVersion in the project-level build-profile.json5 file,  and make sure it is greater than API11."
    ]
  },
  "UNSUPPORTED_RUNTIME_OS":{
    "code": "00306007",
    "message": "The runtimeOS that supports the insight intent project can only be HarmonyOS. At file: %s",
    "solutions": [
      "Make sure the runtimeOS type of the project is HarmonyOS for insight intent project."
    ]
  },
  "UNSUPPORTED_API_VERSION_INSIGHT_INTENT":{
    "code": "00306008",
    "message": "Unsupported API version.Insight intent is supported after API 11. At file: %s",
    "solutions": [
      "Check compileSdkVersion and compatibleSdkVersion in the project-level build-profile.json5 file, and make sure it is greater than API11."
    ]
  },
  "UNSUPPORTED_SDK_VERSION_INSIGHT_INTENT":{
    "code": "00306009",
    "message": "Unsupported SDK version.Insight intent is supported after API 11. At file: %s",
    "solutions": [
      "Update SDK to the latest version by going to File > Settings > OpenHarmony SDK."
    ]
  },
  "UNSUPPORTED_SDK_VERSION_ARK_DATA":{
    "code": "00306010",
    "message": "The current SDK version does not support ArkData. At file: %s",
    "solutions": [
      "Update SDK to the latest version by going to File > Settings > OpenHarmony SDK"
    ]
  },
  "MODULE_SRC_ENTRY_NOT_FOUND":{
    "code": "00304012",
    "message": "Module-srcEntry %s not found. At file: %s",
    "solutions": [
      "Make sure Module-srcEntry exists."
    ]
  },
  "UNSUPPORTED_SDK_VERSION_UI_SYNTAX":{
    "code": "00306011",
    "message": "The current SDK version does not support uiSyntax. At file: %s",
    "solutions": [
      "Update SDK to the latest version by going to File > Settings > OpenHarmony SDK"
    ]
  },
  "UNSUPPORTED_API_VERSION_DYNAMIC_IMPORT":{
    "code": "00306012",
    "message": "Invalid configuration of runtimeOnly in %s %s. At file: %s",
    "solutions": [
      "The field of runtimeOnly for dynamic import only supports the API version > 11 and stageMode project."
    ]
  },
  "SOURCES_NOT_FOUND":{
    "code": "00304013",
    "message": "Unable to find the file or directory for %s using the relative path %s. At file: %s",
    "solutions": [
      "Verify the path under 'runtimeOnly' in the module."
    ]
  },
  "DYNAMIC_IMPORT_EXTERNAL_MODULE_PROHIBITED":{
    "code": "00303087",
    "message": "Invalid dynamic import configuration %s in current module %s. At file: %s",
    "solutions": [
      "The relative path of the file which is not in the current module or other modules in the project cannot be configured for dynamic import."
    ]
  },
  "SOURCES_SUFFIX_INCORRECT":{
    "code": "00303088",
    "message": "Invalid file %s found in the module %s dynamic import files. At file: %s",
    "solutions": [
      "The dynamic import file must end with ts or ets."
    ]
  },
  "DYNAMIC_IMPORT_ACROSS_MODULE_PROHIBITED":{
    "code": "00303089",
    "message": "Invalid dynamic import configuration %s in module '%s'. At file: %s",
    "solutions": [
      "The sources configuration of runtimeOnly in module is not allowed to configure across modules when strictMode-noExternalImportByPath is set to true."
    ]
  },
  "DYNAMIC_IMPORT_PATH_INVALID":{
    "code": "00303090",
    "message": "Invalid dynamic import configurations in current module %s. At file: %s",
    "solutions": [
      "All dynamic import files or relative paths configured for the %s must exist in the added dependencies/dynamicDependencies in its %s."
    ]
  },
  "SOURCE_ENTRY_INVALID_SYNTAX":{
    "code": "00303091",
    "message": "Invalid configuration of '%s' field. At file: %s",
    "solutions": [
      "Relative file path(like ./**) is required for srcEntry."
    ]
  },
  "PAGE_JSON_FILE_NOT_FOUND":{
    "code": "00304014",
    "message": "Unable to find the '%s.json' file or invalid resource directory configuration. At file: %s",
    "solutions": [
      "Check whether the default resource directory '.src/main/resources' exists.",
      "Check if the resource directory customization is configured for current target %s."
    ]
  },
  "FORM_SRC_FIELD_MISSING":{
    "code": "00303092",
    "message": "The required field form.src is missing. At file: %s",
    "solutions": [
      "Make sure form.src is configured at the form config file."
    ]
  },
  "FORM_SRC_INVALID":{
    "code": "00303093",
    "message": "The value of form.src: %s,  is not under module %s. At file: %s",
    "solutions": [
      "Modify form.src in the form config file to make sure it is under the module."
    ]
  },
  "FORM_SRC_NOT_FOUND": {
    "code": "00304015",
    "message": "Form referenced in the config %s was not found in the project or the libraries. At file: %s",
    "solutions": [
      "Make sure form.uiSyntax is set to arkts for ArkTS widget or set to hml for JS widget.",
      "Make sure form.src is set and the source file referenced exist."
    ]
  },
  "EMPTY_MAIN_ELEMENT":{
    "code": "00303094",
    "message": "The 'mainElement' field was not found in the module.json5 file. At file: %s",
    "solutions": [
      "Make sure 'mainElement field is configured for atomic service."
    ]
  },
  "ATOMIC_SERVICE_INVALID_RUNTIME_OS":{
    "code": "00306013",
    "message": "Atomic service development is not supported for OpenHarmony stage model. At file: %s",
    "solutions": [
      "Make sure the runtime OS for atomic service is HarmonyOS."
    ]
  },
  "ATOMIC_SERVICE_UNSUPPORTED_API":{
    "code": "00306014",
    "message": "Atomic service development is not supported for compileSdkVersion/compatibleSdkVersion less than api 11. At file: %s",
    "solutions": [
      "Verify the compileSdkVersion/compatibleSdkVersion and make sure it is at least api 11."
    ]
  },
  "ATOMIC_SERVICE_UNSUPPORTED_NATIVE":{
    "code": "00306015",
    "message": "Atomic service development does not support Native development. At file: %s",
    "solutions": [
      "Make sure externalNativeOptions is not configured for atomic service."
    ]
  },
  "ATOMIC_SERVICE_JS_WIDGET":{
    "code": "00306016",
    "message": "Atomic service development only supported arkTS widget. At file: %s",
    "solutions": [
      "Remove the js widget for atomic service."
    ]
  },
  "SOURCE_NOT_FOUND": {
    "code": "00304016",
    "message": "Source: %s not exists. At file: %s",
    "solutions": [
      "Make sure the path provided is valid."
    ]
  },
  "SOURCE_FILED_EMPTY": {
    "code": "00303096",
    "message": "%s is a invalid path. At file: %s",
    "solutions": [
      "Make sure the path configured in mock-config.json5 exists."
    ]
  },
  "INTEGRATED_HSP_UNSUPPORTED_API": {
    "code": "00306017",
    "message": "The integratedHsp can only be used in API 12 and later. At file: %s",
    "solutions": [
      "Verify the compileSdkVersion/compatibleSdkVersion and make sure it is at least api 12."
    ]
  },
  "INTEGRATED_HSP_REQUIRED_NORMALIZED_OHMURL": {
    "code": "00306018",
    "message": "The integratedHsp is available only when useNormalizedOHMUrl is set to true. At file: %s",
    "solutions": [
      "Check the buildOption and set useNormalizedOHMUrl to true."
    ]
  },
  "CONFIG_FILE_NOT_FOUND": {
    "code": "00303098",
    "message": "Invalid configuration in the app.json5. At file: %s",
    "solutions": [
      "Check whether the path of configuration file exist and configure to a valid path."
    ]
  },
  "FIELD_FILE_NOT_FOUND": {
    "code": "00303099",
    "message": "Invalid configuration. The path of %s does not exist. At file: %s",
    "solutions": [
      "Check whether the path of field exist and configure to a valid path."
    ]
  },
  "SHORTCUTS_FILE_NOT_FOUND": {
    "code": "00303229",
    "message": "Invalid shortcuts path. Check the configuration '%s' in module '%s''s module.json5. The path of file '%s' is not valid.",
    "solutions": [
      "Check whether the path of field exist and configure to a valid path."
    ]
  },
  "BYTE_CODE_HAR_UNSUPPORTED":  {
    "code": "00306019",
    "message": "Only the byte code har supports to configure the bundledDependencies. At file: %s",
    "solutions": [
      "The 'buildOption.strictMode' must have required property 'useNormalizedOHMUrl' and its value must be true in project-level",
      "Check that build-profile.json5, and 'buildOption.arkOptions.byteCodeHar' cannot be false in module-level build-profile.json5."
    ]
  },
  "JSON_PROFILE_MISSING":  {
    "code": "00304034",
    "message": "The device type defined for the module %s is empty and the %s file is not found because the %s file is not imported. At file: %s",
    "solutions": [
      "Check the %s file of module %s or import the %s file."
    ]
  },
  "SYSCAP_FIELD_NOT_EMPTY": {
    "code": "00303100",
    "message": "The value of %s in the %s file must be the same as that of %s in the %s %s file. At file: %s",
    "solutions": [
      "Please check whether the % field in the %s file and the %s field in the %s %s are the same."
    ]
  },
  "DEVICE_TYPE_NOT_INCONSISTENT": {
    "code": "00303101",
    "message": "Unable to find the %s field or its value is invalid. At file: %s",
    "solutions": [
      "Make sure the %s field is contained in the %s file and its value must be the same as the value of %s in the %s's %s file"
    ]
  },
  "PAGE_SOURCE_FILE_NOT_FOUND": {
    "code": "00304017",
    "message": "Unable to find the page source file %s in %s routerMap configuration. At file: %s",
    "solutions": [
      "Check the routerMap configuration of the module %s."
    ]
  },
  "PAGE_SOURCE_FILE_FORMAT_INVALID": {
    "code": "00303104",
    "message": "Invalid pageSourceFile format in the %s routerMap configuration. At file: %s",
    "solutions": [
      "PageSourceFile field in routerMap configuration must be defined as relative path starting with 'src/' format."
    ]
  },
  "PKG_CONTEXT_INFO_PATH_NOT_AVAILABLE": {
    "code": "00304018",
    "message": "The pkgContextInfoPath ${pkgContextInfoPath} is not available. At file: %s",
    "solutions": [
      "Make sure pkgContextInfoPath is a valid path."
    ]
  },
  "PKG_NAME_NOT_EXIST": {
    "code": "00304019",
    "message": "The pkgName %s does not exist. At file: %s",
    "solutions": [
      "PageSourceFile field in routerMap configuration must be defined as relative path starting with 'src/' format."
    ]
  },
  "SRC_LANGUAGE_UNDEFINED":{
    "code": "00303105",
    "message": "Module-Abilities-srcLanguage in %s is not defined. At file: %s",
    "solutions": [
      "Make sure srcLanguage label exists."
    ]
  },
  "SRC_PATH_NOT_FOUND":{
    "code": "00304020",
    "message": "Module-Abilities-srcPath %s file %s not found. At file: %s",
    "solutions": [
      "Make sure %s file exists."
    ]
  },
  "MODULE_JS_PAGE_NOT_FOUND":{
    "code": "00304021",
    "message": "Module-js-page %s file %s not found. At file: %s",
    "solutions": [
      "Make sure %s file exists."
    ]
  },
  "MODULE_PAGE_NOT_FOUND":{
    "code": "00304022",
    "message": "Module page %s not found. At file: %s",
    "solutions": [
      "Make sure /resources/base/profile/%s.json exists."
    ]
  },
  "THE_TYPE_OF_TARGET_DEVICEC_DOES_NOT_MATCH_THE_DEVICE_TYPE_CONFIGURED_BY_MODULE": {
    "code": "00303214",
    "message": "The type of target device does not match the device type configured by module: %s.\nRequired device type:%s, current module device type:%s",
    "solutions": [
      "Make sure the deviceTypes field set in module.json5 under src/main of the module directory contains the required type.",
      "Make sure the device types specified under target in the build-profile.json5 file of the module directory contain the required one.",
      "Check whether the hvigorfile.ts or hvigorconfig.ts file contains any code that may change the module deviceTypes settings."
    ]
  },
  "USENORMAILZEDOHMURL_CAN_ONLY_BE_USED_IN_API12": {
    "code": "00306045",
    "message": "UseNormalizedOHMUrl can be true only when Compatible SDK Version is 5.0.0 (12) or later. \n\tat %s.",
    "solutions": [
      "If Compatible SDK Version is 4.1.0(11) or earlier, set useNormalizedOHMUrl to false."
    ]
  },
  "THE_LOCAL_DEPENDENCY_BELOW_IN_MODULE_%S_IS_INVALID": {
    "code": "00301009",
    "message": "The local dependency below in module %s is invalid. It may cause an ohpm install error when being integrated.\n%s",
    "solutions": [
      "Make sure the local dependencies specified under dependencies and dynamicDependencies in the oh-package.json5 file of the module are all in the current module directory."
    ]
  },
  "A_UNDEFINED_SYMBOL_ERROR_HAS_OCCURRED": {
    "code": "00305011",
    "message": "A 'undefined symbol' error has occurred.",
    "solutions": [
      "Troubleshoot the errors according to the following guidelines."
    ],
    "moreInfo": {
      "cn": "https://developer.huawei.com/consumer/cn/doc/harmonyos-faqs/faqs-compiling-and-building-116",
      "en": "https://developer.huawei.com/consumer/en/doc/harmonyos-faqs/faqs-compiling-and-building-116"
    }
  },
  "THERE_ARE_SOME_DEPENDENCY_NAMES_THAT_ARE_INCONSISTENT_WITH_THE_ACTUAL_PACKAGE_NAMES": {
    "code": "00303215",
    "message": "There are some dependency names that are inconsistent with the actual package names.",
    "solutions": [
      "Local dependency \"%s\" found in \"%s\" does not match the actual name \"%s\" of its oh-package.json5, change it to \"%s\"."
    ]
  },
  "UNABLE_TO_GET_VERSION_AND_NAME_IN_OH_PACKAGE_JSON5": {
    "code":"00306046",
    "message": "Unable to get dependency '%s''s version and name at file: %s",
    "solutions": [
      "Check if the usage of corresponding parameterFile.json5 is supported at %s.",
      "Check if this module relies on the .so files inside the module itself using parameterization configuration, which is not supported. Try to use relative path instead of parameterization to set the .so dependency. "
    ]
  },
  "LOCAL_DEPENDENCY_IN_PARAMETER_FILE_DOES_NOT_EXIST": {
    "code": "00304063",
    "message": "Local dependency in parameterFile does not exist.",
    "solutions": [
      "File path: \"%s\" configured in \"%s\" does not exist, the parameterKey is \"%s\".",
      "Check if the local dependency path exists.",
      "Check if the local dependency path is case-sensitive."
    ]
  },
  "UNRECOGNIZED_ARCHIVE_FORMAT_IN_PARAMETER_FILE": {
    "code": "00303216",
    "message": "Unrecognized archive format in parameterFile.",
    "solutions": [
      "File path: \"%s\" configured in \"%s\" is unrecognized archive format, the parameterKey is \"%s\"."
    ]
  },
  "INVALID_VALUE_OF_%S_IN_THESYSTEM_ENVIRONMENT_PATH": {
    "code": "00303217",
    "message": "Invalid value of '%s' in the system environment path.",
    "solutions": [
      "Correct the value, run hvigorw --stop-daemon to stop the daemon process, and then try again."
    ]
  },
  "USENORMAILZEDOHMURL_DO_NOT_MATCH": {
    "code": "00301010",
    "message": "The useNormalizedOHMUrl settings of packages [%s] and the project useNormalizedOHMUrl:%s do not match.",
    "solutions": [
      "Use the packages that match the project settings. If useNormalizedOHMUrl is not set, the default value false is used."
    ],
    "moreInfo": {
      "cn": "https://developer.huawei.com/consumer/cn/doc/harmonyos-faqs/faqs-compiling-and-building-119",
      "en": "https://developer.huawei.com/consumer/en/doc/harmonyos-faqs/faqs-compiling-and-building-119"
    }
  },
  "THE_REASON_AND_USESCENE_ATTRIBUTES_ARE_MANDATORY_FOR_USER_GRANT_PERMISSIONS": {
    "code": "00303218",
    "message": "The reason and usedScene attributes are mandatory for %s permissions. \n at %s",
    "solutions": [
      "For the hap module, add the reason and usedScene fields to the permission reported in the preceding file.",
      "For the har/hsp module, add the reason field to the permission of the error information in the preceding file."
    ]
  },
  "CMAKE_TASK_EXECUTION_FAILED": {
    "code": "00305012",
    "message": "CMake task execution failed",
    "solutions": [
      "Perhaps you can check the parameter configuration of arguments in module level build-profile.json5"
    ]
  },
  "DUPLICATE_ROUTERMAP_OBJECT_NAME_DETECTED": {
    "code": "00303219",
    "message": "Duplicate 'routerMap' object names detected.",
    "solutions": [
      "Change the 'routerMap' object names listed below under routerMap in the respective router configuration files. Make sure the names are unique across the current module and the modules on which it depends.\n  %s"
    ]
  },
  "DUPLICATE_SHARECONFIG_OBJECT_URI_DETECTED": {
    "code": "00303260",
    "message": "Duplicate 'crossAppSharedConfig' object uris detected.",
    "solutions": [
      "Change the 'crossAppSharedConfig' object uris listed below under crossAppSharedConfig in the respective crossAppSharedConfig configuration files. Make sure the uris are unique across the current module and the modules on which it depends.\n  %s"
    ]
  },
  "FAILED_TO_OBTAIL_THE_MODULE_TYPE": {
    "code": "00303220",
    "message": "Failed to obtain the module type.",
    "solutions": [
      "Ensure whether the file '%s' exists.",
      "Make sure the module is in the FA model and the module/distro/moduleType field in the config.json file is correctly configured.\nAt file: %s"
    ]
  },
  "THE_%S_PERMISSION_UNDER_REQUESTPERMISSIONS+MUST_BE_A_VALUE": {
    "code": "00303221",
    "message": "The %s permission under requestPermissions must be a value that is predefined within the SDK or a custom one that you have included under definePermissions.\nAt file: %s",
    "solutions": [
      "Modify the permission configuration in the preceding file."
    ]
  },
  "THE_REASON_ATTRIBUTE_ARE_MANDATORY_FOR_USER_GRANT_PERMISSIONS": {
    "code": "00303222",
    "message": "The reason attribute are mandatory for %s permissions.\nAt file: %s",
    "solutions": [
      "For the hap module, add the reason and usedScene fields to the permission reported in the preceding file.",
      "For the har/hsp module, add the reason field to the permission of the error information in the preceding file."
    ]
  },
  "THE_METADATE_FIELD_IN_FORMEXTENSIONABILITY_CANNOT_BE_LEFT_BLANK_OR_AS_AN_EMPTY_ARRAY": {
    "code": "00303223",
    "message": "The metadata field in FormExtensionAbility cannot be left blank or as an empty array. At file: %s",
    "solutions": [
      "Please check the metadata field in FormExtensionAbility at file: %s"
    ]
  },
  "IN_FORMEXTENSIONABILITY_METADATA_MUST_CONTAIN_AN_OBJECT_WITH_ITS_NAME": {
    "code": "00303224",
    "message": "In FormExtensionAbility, metadata must contain an object with its name set to 'ohos.extension.form' and resource set to a second-level resource reference. At file: %s",
    "solutions": [
      "Please check the metadata field in FormExtensionAbility at file: %s"
    ]
  },
  "BYTECODE_HARS_%S_NOT_SUPPORTED_WHEN_USENORMALIZEDOHMURL_IS_NOT_TRUE": {
    "code": "00306046",
    "message": "Bytecode HARs: [%s] not supported when useNormalizedOHMUrl is not true.",
    "solutions": [
      "Please check useNormalizedOHMUrl in the project-level build-profile.json5 file."
    ]
  },
  "DUPLICATE_MODULE_ABLITIES_OBJECT_NAMES_DETECTED": {
    "code": "00303225",
    "message": "Duplicate 'Module-Abilities' object names detected.",
    "solutions": [
      "Change the 'Module-Abilities' object names listed below under abilities in the respective module.json5. Make sure the names are unique across the current module and the modules on which it depends.\n  %s"
    ]
  },
  "INVALID_FORM_NAME_%S": {
    "code": "00303226",
    "message": "Invalid form name '%s'.",
    "solutions": [
      "Make sure the name has been configured in the form_config.json file."
    ]
  },
  "FOUND_HSPS_THAT_HAVE_THE_SAME_HAR_DEPENDENCIES": {
    "code": "00306047",
    "message": "Found HSPs that have the same HAR %s\n%s",
    "solutions": [
      "Follow the best practice at moreInfo."
    ],
    "moreInfo": {
      "cn": "https://developer.huawei.com/consumer/cn/doc/best-practices/bpta-modular-design#section9492615385",
      "en": "https://developer.huawei.com/consumer/en/doc/best-practices/bpta-modular-design#section9492615385"
    }
  },
  "WRONG_STRING_JSON_FORMAT": {
    "code": "00303227",
    "message": "File 'string.json' is missing the required property 'string'.",
    "solutions": [
      "Please ensure 'string.json' includes a property named 'string'. \nExample: \n{\n  \"string\": [\n    {\n      \"name\": \"page_show\",\n      \"value\": \"page from package\"\n    }\n  ]\n}\n"
    ]
  },
  "AUTO_LAZY_IMPORT_CANNOT_BE_CONFIGURED_FOR_THE_CURRENT_API_VERSION": {
    "code": "00306048",
    "message": "autoLazyImport cannot be configured for the current API version. autoLazyImport can be used in the beta3 version of API 12 or higher versions.",
    "solutions": [
      "Check the compatibleSdkVersion and compatibleSdkVersionStage in project's build-profile.json5",
      "If the compatibleSdkVersion is set to API 12, configure the compatibleSdkVersionStage needs to beta3, or",
      "Set autoLazyImport to false to disable it."
    ]
  },
  "ATOMIC_SERVICE_INVALID_ABILITY_LENGTH": {
    "code": "00303016",
    "message": "Atomic service: Invalid length of module.abilities at %s",
    "solutions": [
      "For entry module, make sure only one ability is configured. Remove redundant abilities or add abilities to keep only one ability in module.abilities.",
      "For non-entry module, make sure abilities is empty or the length of abilities is 0."
    ]
  },
  "ATOMIC_SERVICE_INVALID_ABILITY_VALUE": {
    "code": "00303239",
    "message": "Atomic service: Invalid value of %s at %s",
    "solutions": [
      "Make sure the value of module.abilities.name is equal to the value of module.mainElement.",
      "Make sure abilities.launchType is set to Singleton."
    ]
  },
  "ATOMIC_SERVICE_INVALID_SKILL_LENGTH": {
    "code": "00303240",
    "message": "Atomic service: Invalid length of module.abilities.skills at %s",
    "solutions": [
      "Make sure only one module.abilities.skills is configured.",
      "Remove redundant skills or add skills to keep only one skill in module.abilities.skills."
    ]
  },
  "ATOMIC_SERVICE_INVALID_SKILL_VALUE": {
    "code": "00303241",
    "message": "Atomic service: Invalid value of %s at %s",
    "solutions": [
      "Make sure only entities and actions are configured in module.abilities.skills.entities.",
      "Make sure module.abilities.skills.entities is set to [entity.system.home].",
      "Make sure module.abilities.skills.actions is set to [action.system.home]."
    ]
  },
  "THE_MATERIAL_HAS_NOT_BEEN_CONFIGURED_IN_SIGNINGCONFIGS": {
    "code": "00303106",
    "message": "The material has not been configured in signingConfigs. At file: %s",
    "solutions": [
      "Please check signingConfigs in root project file"
    ]
  },
  "INVALID_%S_VALUE_MAKE_SURE_IT_IS_NOT_NULL_OR_EMPTY": {
    "code": "00303107",
    "message": "Invalid %s value. Make sure it is not null or empty. The file must be included in '%s'. At file: %s",
    "solutions": [
      "Please check signingConfigs in root project file"
    ]
  },
  "SIGNING_CONFIGURATION_%S_DOES_NOT_APP_TO_%S": {
    "code": "00303108",
    "message": "Signing configuration %s does not apply to %s. At file: %s",
    "solutions": [
      "Ensure that the type field in the signature configuration is consistent with the runtimeOS field"
    ]
  },
  "THE_%S_PLUGIN_WAS_NOT_FOUND_WHEN_INITIALIZING_THE_%S_MODULE": {
    "code": "00302002",
    "message": "The %s plugin was not found when initializing the %s module.",
    "solutions": [
      "Check if the module.type field in the module.json5 file matches the system plugin exported in the hvigorfile.ts file."
    ]
  },
  "THE_%S_FILE_DOES_NOT_EXIST": {
    "code": "00304025",
    "message": "The %s file does not exist. At file: %s",
    "solutions": [
      "Ensure the %s file exist."
    ]
  },
  "THE_MAIN_FIELD_SET_IN_PACKAGE_JSON_CORRSPONDING_PATH": {
    "code": "00303109",
    "message": "The main field set in oh-package.json corresponding path %s in Har is invalid. At file: %s",
    "solutions": [
      "Ensure the file exist."
    ]
  },
  "UNABLE_TO_REPLACE_PAGES_CANNOT_FIND_PAGES": {
    "code": "00303110",
    "message": "Unable to replace pages. Cannot find moduleJsonObj.module.pages in module %s.",
    "solutions": [
      "Check the router configuration."
    ]
  },
  "ARKTS_LINT_ERRORS": {
    "code": "00305001",
    "message": "ArkTS lint errors. \n%s",
    "solutions": [
      "Check whether the syntax of the service code is correct based on the error information."
    ]
  },
  "BUILDPROFILEFIELDS_ONLY_SUPPORT_NUMBER_STRING_BOOLEAN": {
    "code": "00303111",
    "message": "buildProfileFields only support number/string/boolean,not support %s, the value %s does not meet the requirements. At file: %s",
    "solutions": [
      "Ensure that the value type in buildProfileFields is correct."
    ]
  },
  "BYTECODEHAR_NOT_SUPPORTED_WHEN_BLOW_API_VERSION_12": {
    "code": "00301005",
    "message": "byteCodeHar not supported when below API version 12. ",
    "solutions": [
      "Please check compileSdkVersion and compatibleSdkVersion in the project-level build-profile.json5 file."
    ]
  },
  "BYTECODEHAR_NOT_SUPPORTED_WHEN_USENORMALLIZEDOHMURL_IS_NOT_TRUE": {
    "code": "00303112",
    "message": "byteCodeHar not supported when useNormalizedOHMUrl is not true.",
    "solutions": [
      "Please check useNormalizedOHMUrl in the project-level build-profile.json5 file."
    ]
  },
  "THE_PROPERTY_OF_HEADERPATH_SPECIFIES_DIRECTORY_%S_WHICH_DOES_NOT_EXIST": {
    "code": "00304026",
    "message": "The property of headerPath specifies directory %s which doesn't exist. At file: %s",
    "solutions": [
      "Ensure the file exist."
    ]
  },
  "THE_PROPERTY_OF_HEADERPATH_SPECIFIES_DIRECTORY_%S_IS_NOT_DITECTORY": {
    "code": "00304027",
    "message": "The property of headerPath specifies directory %s is not directory. At file: %s",
    "solutions": [
      "Ensure that %s is a directory"
    ]
  },
  "THE_FOLLOWING_PATH_CONTAINS_A_FILE_WITH_THE_SAME_NAME": {
    "code": "00304028",
    "message": "The following path contains a file with the same name: %s. At file: %s and %s",
    "solutions": [
      "Ensure that no file with the same name exists in headerPath."
    ]
  },
  "THE_CONFIGURED_CMAKE_SCRIPT_IN_EXTERNALNATIVEOPTIONS_PATH_CAN_NOT_BE_EMPTY": {
    "code": "00303113",
    "message": "The configured cmake script in externalNativeOptions/path cannot be empty. At file: %s",
    "solutions": [
      "Ensure the configured cmake script in externalNativeOptions/path is a valid value"
    ]
  },
  "THE_CONFIGURED_CMAKE_SCRIPT_IN_EXTERNALNATIVEOPTIONS_PATH_DOES_NOT_EXIST": {
    "code": "00304029",
    "message": "The configured cmake script in externalNativeOptions/path does not exist. At file: %s",
    "solutions": [
      "Ensure the configured cmake script in externalNativeOptions/path is a valid value"
    ]
  },
  "THE_CONFIGURED_CMAKE_SCRIPT_NAME_%S_SHOULD_BE_CMAKELISTSTXT": {
    "code": "00304030",
    "message": "Error cmake script name %s, should be CMakeLists.txt. At file: %s",
    "solutions": [
      "Ensure the configured cmake script in externalNativeOptions/path is a valid value"
    ]
  },
  "ARMEABIV7A_NOT_SUPPORTED_FORHARMONYOS": {
    "code": "00303114",
    "message": "\"armeabi-v7a\" not supported for HarmonyOS. At file: %s",
    "solutions": [
      "Please specify a valid arch in abiFilters."
    ]
  },
  "ARMEABIV7A_NOT_SUPPORTED_OPENHARMONY_AS_THE_ONLY_OPTION": {
    "code": "00303115",
    "message": "\"armeabi-v7a\" not supported for OpenHarmony as the only option. At file: %s",
    "solutions": [
      "Please add \"arm64-v8a\" or \"x86_64\" to abiFilters."
    ]
  },
  "INVALID_DATA": {
    "code": "00303116",
    "message": "The length of the storePassword or keyPassword field in the signature configuration is less than 32. At file: %s",
    "solutions": [
      "Re-execute sign your app/atomic service automatically：clear the signingConfigs field in the %s file and go to Project Structure > Project > Signing Configs and apply the signature material",
      "Verify if signingConfigs is overridden in the project-level and module-level hvigorfile.ts. If so, use the error message to ensure the configuration is correct."
    ]
  },
  "INVALID_PASSWORD_LENGTH": {
    "code": "00303117",
    "message": "The length of the storePassword or keyPassword field in the signature configuration is an even number. At file: %s",
    "solutions": [
      "Re-execute sign your app/atomic service automatically：clear the signingConfigs field in the %s file and go to Project Structure > Project > Signing Configs and apply the signature material",
      "Verify if signingConfigs is overridden in the project-level and module-level hvigorfile.ts. If so, use the error message to ensure the configuration is correct."
    ]
  },
  "SIGNING_FAILED_NO_SIGNING_NATERIALS_IS_NOT_A_DIRECTORY": {
    "code": "00304031",
    "message": "Signing failed: Signing materials %s is not a directory. At file: %s",
    "solutions": [
      "Ensure signing materials %s is a directory",
      "Re-execute sign your app/atomic service automatically：clear the signingConfigs field in the %s file and go to Project Structure > Project > Signing Configs and apply the signature material",
      "Reconfigure the signature or clear the %s folder and perform signing again.",
      "Verify if signingConfigs is overridden in the project-level and module-level hvigorfile.ts. If so, use the error message to ensure the configuration is correct."
    ]
  },
  "SIGNING_FAILED_NO_SIGNING_NATERIALS_IS_AN_EMPTY_DIRECTORY": {
    "code": "00304032",
    "message": "Signing failed: Signing materials %s is an empty directory. At file: %s",
    "solutions": [
      "Ensure signing materials %s is not an empty directory",
      "Re-execute sign your app/atomic service automatically：clear the signingConfigs field in the %s file and go to Project Structure > Project > Signing Configs and apply the signature material",
      "Reconfigure the signature or clear the %s folder and perform signing again.",
      "Verify if signingConfigs is overridden in the project-level and module-level hvigorfile.ts. If so, use the error message to ensure the configuration is correct."
    ]
  },
  "SIGNING_FAILED_CAN_NOT_FIND_SIGNING_MATERIAL": {
    "code": "00304033",
    "message": "Signing failed: Can not find signing material %s. At file: %s",
    "solutions": [
      "Ensure signing materials %s is exist in %s",
      "Re-execute sign your app/atomic service automatically：clear the signingConfigs field in the %s file and go to Project Structure > Project > Signing Configs and apply the signature material",
      "Reconfigure the signature or clear the %s folder and perform signing again.",
      "Verify if signingConfigs is overridden in the project-level and module-level hvigorfile.ts. If so, use the error message to ensure the configuration is correct."
    ]
  },
  "SIGNING_FAILED_SIGZNING_MATERIAL_DATA_ERROR": {
    "code": "00303118",
    "message": "Signing failed: Signing material data error!. At file: %s",
    "solutions": [
      "Re-execute sign your app/atomic service automatically：clear the signingConfigs field in the %s file and go to Project Structure > Project > Signing Configs and apply the signature material",
      "Reconfigure the signature or clear the %s folder and perform signing again.",
      "Verify if signingConfigs is overridden in the project-level and module-level hvigorfile.ts. If so, use the error message to ensure the configuration is correct."
    ]
  },
  "SIGNING_FAILED_SIGNING_MATERIAL_IS_ILLEGAL": {
    "code": "00303119",
    "message": "Signing failed: Signing materials %s is illegal!. At file: %s",
    "solutions": [
      "Ensure signing materials %s is correct",
      "Re-execute sign your app/atomic service automatically：clear the signingConfigs field in the %s file and go to Project Structure > Project > Signing Configs and apply the signature material",
      "Reconfigure the signature or clear the %s folder and perform signing again.",
      "Verify if signingConfigs is overridden in the project-level and module-level hvigorfile.ts. If so, use the error message to ensure the configuration is correct."
    ]
  },
  "SIGNING_FAILED_CAN_NOT_FIND_THE_SIGZNING_MATERIAL": {
    "code": "00303120",
    "message": "Signing failed: signing material %s is empty or not a directory. At file: %s",
    "solutions": [
      "Ensure signing materials %s is a directory",
      "Re-execute sign your app/atomic service automatically：clear the signingConfigs field in the %s file and go to Project Structure > Project > Signing Configs and apply the signature material",
      "Reconfigure the signature or clear the %s folder and perform signing again.",
      "Verify if signingConfigs is overridden in the project-level and module-level hvigorfile.ts. If so, use the error message to ensure the configuration is correct."
    ]
  },
  "SIGNING_FAILED_SIGZNING_MATERIAL_ERROR": {
    "code": "00303121",
    "message": "Signing failed: Signing material error. At file: %s",
    "solutions": [
      "Ensure signing materials %s is correct",
      "Re-execute sign your app/atomic service automatically：clear the signingConfigs field in the %s file and go to Project Structure > Project > Signing Configs and apply the signature material",
      "Reconfigure the signature or clear the %s folder and perform signing again.",
      "Verify if signingConfigs is overridden in the project-level and module-level hvigorfile.ts. If so, use the error message to ensure the configuration is correct."
    ]
  },
  "DUPLICATED_FILES_DOUND_IN_LIBPATH": {
    "code": "00306049",
    "message": "Duplicated files found in module %s. This may cause unexpected errors at runtime. \n %s",
    "solutions": [
      "Set .so file priorities with pickFirsts, pickLasts, or select option.",
      "Make sure each .so file name is unique."
    ],
    "moreInfo": {
      "cn": "https://developer.huawei.com/consumer/cn/doc/harmonyos-faqs/faqs-compiling-and-building-109",
      "en": "https://developer.huawei.com/consumer/en/doc/harmonyos-faqs/faqs-compiling-and-building-109"
    }
  },
  "INVALID_TAG_%S_AT_%S": {
    "code": "00305013",
    "message": "Invalid tag '%s' at '%s'.",
    "solutions": [
      "Change the value ('%s') of '%s' at '%s'. Make sure it starts with a letter or digit, contains a maximum of 60 characters consisting of only letters, digits, periods (.), hyphens (-), and underscores (_), and is not 'latest.'"
    ]
  },
  "THE_TAG_KEYWORD_IS_NOT_ALLOWED_FOR_VERSION_AT_%S": {
    "code": "00303228",
    "message": "The 'tag' keyword is not allowed for 'version' at '%s'.",
    "solutions": [
      "Change '%s' to a non-tag value for '%s' at '%s'."
    ]
  },
  "MODULEJSON5_FILE_NOT_FOUND": {
    "code": "00304064",
    "message": "module.json5 file not found.",
    "solutions": [
      "Make sure the module is in the stage model and the module.json5 file exists. At file: %s"
    ]
  },
  "PROFILE_NOT_FOUND": {
    "code": "00304065",
    "message": "Profile '%s' not found or invalid resource directory configuration.",
    "solutions": [
      "Check whether the default resource directory '.src/main/resources' exists.",
      "Check whether the resource directory customization is correctly configured for current target '%s'.",
      "Check whether the profile '%s' exist in the configured resource directory."
    ]
  },
  "APPJSON5_NOT_FOUND": {
    "code": "00304067",
    "message": "app.json5 file not found. At file: %s",
    "solutions": [
      "Make sure the app.json5 file exists."
    ]
  },
  "A_UNKNOWN_TYPE_NAME_ERROR_HAS_OCCURRED": {
    "code": "00305014",
    "message": "A 'unknown type name' error has occurred.",
    "solutions": [
      "Troubleshoot the errors according to the following guidelines."
    ],
    "moreInfo": {
      "cn": "https://developer.huawei.com/consumer/cn/doc/harmonyos-faqs/faqs-compiling-and-building-117",
      "en": "https://developer.huawei.com/consumer/en/doc/harmonyos-faqs/faqs-compiling-and-building-117"
    }
  },
  "OH_PACKAGE_NAME_NOT_STRING": {
    "code": "00303076",
    "message": "Error in %s. The name of the module must be a string, but received a %s.",
    "solutions": [
      "Verify the 'name' in oh-package.json5 files."
    ]
  },
  "OH_PACKAGE_VERSION_NOT_STRING": {
    "code": "00303075",
    "message": "Error in %s. The version number of the module must be a string, but received a %s.",
    "solutions": [
      "Verify the 'version' in oh-package.json5 files."
    ]
  },
  "THIS_PROJECT_IS_IN_THE_FA_MODEL_AND_DOES_NOT_ALLOW_FOR_EXTERNAL_DEPENDENCIES": {
    "code": "00306050",
    "message": "This project is in the FA model and does not allow for external dependencies.",
    "solutions": [
      "Remove external dependencies",
      "Use a project in the stage project."
    ]
  },
  "THIS_PROJECT_IS_IN_THE_STAGE_MODEL_AND_DOES_NOT_ALLOW_FOR_DEPENDENCIES_OF_MODULES_INTHE_FA_MODEL": {
    "code": "00306051",
    "message": "This project is in the stage model and does not allow for dependencies of modules in the FA model.",
    "solutions": [
      "Use dependencies of modules in the stage model instead"
    ]
  },
  "CANNOT_DEPEND_ON_HAP_MODULES_OUTSIDE_OF_THIS_PROJECT": {
    "code": "00306052",
    "message": "Cannot depend on HAP modules outside of this project",
    "solutions": [
      "Use dependencies of HSP or HAR modules instead."
    ]
  },

  "DELETE_FILE_ERROR": {
    "code": "00308001",
    "message": "Failed to delete the file: %s",
    "solutions": [
      "Check whether the file exists.",
      "Check whether the current user has the permission to delete the file.",
      "Check whether the file is occupied by other processes.",
      "You can also manually delete the file."
    ]
  },
  "DELETE_DIRECTORY_ERROR": {
    "code": "00308013",
    "message": "Failed to delete the directory: %s",
    "solutions": [
      "Check whether the directory exists.",
      "Check whether the current user has the permission to delete the directory.",
      "Check whether the directory is occupied by other processes.",
      "You can also manually delete the directory."
    ]
  },

  "COPY_FILE_ERROR": {
    "code": "00308014",
    "message": "Failed to copy the file: %s",
    "solutions": [
      "Check whether the file exists.",
      "Check whether the current user has the permission to copy the file.",
      "Check whether the file is occupied by other processes."
    ]
  },

  "COPY_DIRECTORY_ERROR": {
    "code": "00308015",
    "message": "Failed to copy the directory: %s",
    "solutions": [
      "Check whether the directory exists.",
      "Check whether the current user has the permission to copy the directory.",
      "Check whether the directory is occupied by other processes."
    ]
  },

  "FILE_PATH_EXCEED_LIMITATION": {
    "code": "00306001",
    "message": "The length of path exceeds the maximum length: %s.",
    "solutions": [
      "Make your project root path shorter.",
      "Simplify your project name.",
      "Simplify your module name.",
      "Configure a shorter target name."
    ]
  },
  "PARAMETER_FILE_KEY_ERROR": {
    "code": "00303012",
    "message": "Failed to parse '%s'. Check whether the '%s' file and its content exist.",
    "solutions": [
      "Ensure that parameterFile is correctly configured in project-level oh-package.json5 file.",
      "Ensure that the configuration item exists in the parameterFile configuration and the case is the same."
    ]
  },
  "SDK_VERSION_UNDER_API8": {
    "code": "00303013",
    "message": "Only SDKs of API level 8 and later versions can be compiled(current API version is %d). Check the compatibleSdkVersion configuration at file: %s",
    "solutions": [
      "Select API level 8 or a later SDK version to create a project."
    ]
  },
  "SDKVERSION_ORDER_ERROR": {
    "code": "00303015",
    "message": "In the project-level configuration file build-profile.json5, the version relationship between compileSdkVersion, compatibleSdkVersion and targetSdkVersion is incorrect. At file: %s",
    "solutions": [
      "Configure the API version according to the rule of compatibleSdkVersion <= targetSdkVersion <= compileSdkVersion."
    ]
  },
  "SDKVERSION_FORMAT_ERROR": {
    "code": "00303081",
    "message": "In the current configuration mode, api of $s must be a %s. At file: %s",
    "solutions": [
      "Check whether the data type and version number of the compatibleSdkVersion field in the project-level build-profile.json5 file match."
    ]
  },
  "SDKMANAGER_NOT_SUPPORT_THIS_API": {
    "code": "00303082",
    "message": "Unable to find the %s %s(%s) in SDK Manager. At file: %s",
    "solutions": [
      "Since NEXT Developer Beta1, DevEco Studio offers an out-of-the-box development experience by packaging the SDK, Node.js, Hvigor, ohpm, and other toolchains together, simplifying the installation and configuration process of DevEco Studio. It also provides integrated capabilities for migrating historical projects, helping you quickly complete project conversion.",
      "To download the integrated IDE, visit https://developer.huawei.com/consumer/cn/download/"
    ],
    "moreInfo": {
      "cn": "https://developer.huawei.com/consumer/cn/doc/harmonyos-guides/ide-integrated-project-migration",
      "en": "https://developer.huawei.com/consumer/en/doc/harmonyos-guides/ide-integrated-project-migration"
    }
  },
  "SDKMANAGER_APIVERSION_AND_PLATFORM_NOT_MATCH": {
    "code": "00303083",
    "message": "The platform version '%s' and API version '%s' of %s in build-profile.json5 do not match. At file: %s",
    "solutions": [
      "Configure related versions based on the DevEco Studio compatibility mapping (for example, https://developer.huawei.com/consumer/cn/doc/harmonyos-releases/deveco-studio-new-features)."
    ]
  },
  "FILE_NOT_FOUNF_OR_UNEXCUTABLE": {
    "code": "00304024",
    "message": "Not an internal or external command, operable program, or batch file. At file: %s",
    "solutions": [
      "Check whether the file '%s' exists.",
      "Check whether the file '%s' is executable."
    ]
  },
  "ALLOW_ONE_HSP": {
    "code": "00306021",
    "message": "Remote tgz is error, only one hsp is allowed, please check %s.",
    "solutions": [
      "Ensure that the number of HSP modules in %s is less than or equal to 1."
    ]
  },
  "VERSION_ILLEGAL": {
    "code": "00303146",
    "message": "The format of the version field in %s is invalid. Check whether the format complies with the SemVer specifications.",
    "solutions": [
      "Modify the version field according to the SemVer specifications."
    ]
  },
  "NO_PACKAGE_FOUND": {
    "code": "00301006",
    "message": "The oh-package.json5 file cannot be found in the remote HSP '%s'. Check whether the oh-package.json5 file exists in %s.",
    "solutions": [
      "Check whether the oh-package.json5 file exists in the HSP package in %s. If the oh-package.json5 file does not exist, the package is damaged. Download the package again or contact the author."
    ]
  },
  "NO_HSP_FOUND": {
    "code": "00301007",
    "message": "Cannot find the .hsp file in the remote HSP. Check whether the .hsp file exists in the %s directory.",
    "solutions": [
      "Check whether the HSP package in %s contains .hsp files. If no .hsp file exists, the package is damaged. Download the package again or contact the author."
    ]
  },
  "BUNDLETYPE_NOT_MATCH": {
    "code": "00303147",
    "message": "When 'bundleType' in app.json/hvigorfile.ts is set to '%s', the module type must also be '%s'. The module that reports the error is '%s', at file %s",
    "solutions": [
      "Set the type in module.json5 of the %s module to '%s'.",
      "Set 'bundleType' in app.json/hvigorfile.ts to a non-shared or non-appPlugin type."
    ]
  },
  "OBFUSCATION_FILE_LOST": {
    "code": "00304036",
    "message": "The obfuscation rule file '%s' cannot be found in %s. The error module is %s, %s.",
    "solutions": [
      "Ensure that the %s obfuscation rule file exists in %s.",
      "Ensure that the rule file configured in the 'files' field under 'ruleOptions' in the module-level build-profile.json5 file exists."
    ]
  },
  "HAR_TARGET_NOT_MATCH": {
    "code": "00303169",
    "message": "Unable to find target '%s' in build-profile.json5 of module '%s'.",
    "solutions": [
      "Ensure that the module '%s' has the same target as module '%s'."
    ]
  },
  "MODULE_PLUGIN_NOT_RECEIVE": {
    "code": "00303278",
    "message": "Unable to get plugin in hvigorfile.ts of module '%s'. At file: %s",
    "solutions": [
      "Check whether undefined attributes or methods are used in the hvigorconfig.ts and hvigorfile.ts files of module '%s'.",
      "Ensure that the value of the 'type' field in the 'module.json5' file under the module '%s' matches the 'system' field of the object exported by default in 'hvigorfile.ts' as follows:\n    - If the 'type' field is 'entry', the 'system' field should be 'hapTasks';\n    - If the 'type' field is 'feature', the 'system' field should be 'hapTasks';\n    - If the 'type' field is 'shared', the 'system' field should be 'hspTasks';\n    - If the 'type' field is 'har', the 'system' field should be 'harTasks'."
    ]
  },
  "HSP_TARGET_NOT_MATCH": {
    "code": "00303170",
    "message": "Unable to find target '%s' in build-profile.json5 of module '%s'. %s",
    "solutions": [
      "Ensure that the module '%s' has the same target as module '%s'."
    ]
  },
  "HSP_NOT_FOUND": {
    "code": "00304037",
    "message": "Unable to find module '%s'.",
    "solutions": [
      "Ensure that the module '%s' exists."
    ]
  },

  "OHPM_INSTALL_FAILED": {
    "code": "00306053",
    "message": "ohpm install failed.",
    "solutions": [
      "Verify the Internet connection.",
      "Verify the repository address, package name, and version number."
    ]
  },
  "CANNOT_CONFIGURE_MODULE_WHEN_PACKING": {
    "code": "00303001",
    "message": "Cannot run '-p' to configure entry/hsp module in the command line when packaging App, at: %s.",
    "solutions": [
      "Wait for the app packaging to complete or manually stop the packaging process before configuring the entry/hsp module."
    ]
  },
  "ABILITY_NAME_IS_NOT_UNIQUE": {
    "code": "00303157",
    "message": "Duplicate ability name: %s.",
    "solutions": [
      "Check the ability name in the config.json file and make sure it is unique."
    ]
  },
  "FORM_NAME_IS_NOT_UNIQUE": {
    "code": "00303158",
    "message": "Duplicate form name: %s.",
    "solutions": [
      "Check the form name in the config.json file and make sure it is unique."
    ]
  },
  "FA_MODE_NOT_SUPPORT_MODIFY_FILE": {
    "code": "00303159",
    "message": "FA mode does not support modifying the %s.",
    "solutions": [
      "Ensure that the FA model configuration file is correct."
    ]
  },
  "EMPTY_COMPILE_PLUGIN_PATH": {
    "code": "00303160",
    "message": "The path is empty when calling 'loadCompilePlugin'.",
    "solutions": [
      "Only relative or absolute path is allowed."
    ]
  },
  "PLUGIN_PATH_NOT_FOUND": {
    "code": "00303161",
    "message": "Plugin path not exists at file: %s",
    "solutions": [
      "Check if the path is configured incorrectly."
    ]
  },
  "PLUGIN_FILE_MUST_END_WITH_TS": {
    "code": "00303164",
    "message": "Plugin file must end with .ts, at file: %s",
    "solutions": [
      "Change the file type to .ts."
    ]
  },
  "IS_COPY_FROM_HAS_CIRCLE": {
    "code": "00303166",
    "message": "buildOptionSet config buildOption:%s copyFrom has circle %s in file: %s.",
    "solutions": [
      "Ensure that the buildOptionSet is configured correctly."
    ]
  },
  "SDK_COMPONENT_MISSING": {
    "code": "00303168",
    "message": "SDK component missing.",
    "solutions": [
      "Please verify the integrity of your SDK.",
      "Please update the SDK at the download link below."
    ],
    "moreInfo": {
      "cn": "https://developer.huawei.com/consumer/cn/download",
      "en": "https://developer.huawei.com/consumer/en/download"
    }
  },
  "PACK_TGZ_PACKAGE_FILE_NOT_EXIST": {
    "code": "00304047",
    "message": "File is not exist, Failed to pack the tgz package, at file: %s",
    "solutions": [
      "Check if the file path is correct."
    ]
  },
  "LITE_WEARABLE_ONLY_SUPPORT_JS": {
    "code": "00306026",
    "message": "Lite wearable only support JS, at file: %s",
    "solutions": [
      "Use JavaScript when building the Lite wearable application."
    ]
  },
  "CURRENT_MODULE_NOT_SUPPORT_THE_DEVICE_TYPE": {
    "code": "00306027",
    "message": "The %s module '%s' that the current module depends on does not support the device type: '%s', which may cause runtime exception on the device.",
    "solutions": [
      "Update the module configuration.",
      "Select a compatible module that supports the target device types to prevent potential runtime exceptions."
    ]
  },
  "TRANSFORM_LIB_SHOULD_BE_RELATIVE_PATH": {
    "code": "00306030",
    "message": "Invalid transformLib, its value should be a relative path, at file: %s",
    "solutions": [
      "Change the corresponding path to a relative path."
    ]
  },
  "TRANSFORM_LIB_IS_NOT_FILE": {
    "code": "00303172",
    "message": "Invalid transformLib value %s is not file, at file: %s",
    "solutions": [
      "Check if the file path is correct."
    ]
  },
  "TRANSFORM_LIB_FILE_NOT_EXIST": {
    "code": "00304048",
    "message": "Invalid transformLib value, %s is not exist, at file: %s",
    "solutions": [
      "Check if the file path is correct."
    ]
  },
  "TRANSFORM_LIB_REQUIRES_A_X_FILE": {
    "code": "00303173",
    "message": "Invalid transformLib value, it requires a %s file in %s, at file: %s",
    "solutions": [
      "Check whether the corresponding file is included."
    ]
  },
  "SCHEMA_FILE_CANNOT_BE_FOUND": {
    "code": "00304049",
    "message": "The schema file cannot be found, at file: %s",
    "solutions": [
      "Check whether the file exists in the SDK."
    ]
  },
  "SUPPORT_CONFIGURE_BUNDLED_DEPENDENCIES": {
    "code": "00303178",
    "message": "Only the byte code har supports to configure the bundledDependencies, at file: %s",
    "solutions": [
      "The 'buildOption.strictMode' must have required property 'useNormalizedOHMUrl' and its value must be true in project-level build-profile.json5, and 'buildOption.arkOptions.byteCodeHar' can not be false in module-level build-profile.json5."
    ]
  },
  "INVALID_BUILDROOT_VALUE": {
    "code": "00306034",
    "message": "Invalid buildRoot value, at file: %s",
    "solutions": [
      "Make sure the directory is within the current module directory."
    ]
  },
  "METADATA_RESOURCE_NOT_STRING": {
    "code": "00303179",
    "message": "metadata.resource must be string in file: %s.",
    "solutions": [
      "Check whether the metadata.resource in the response file is configured as string."
    ]
  },
  "CAN_NOT_RESOLVE_SYMBOL": {
    "code": "00303181",
    "message": "Cannot resolve symbol %s at file: %s:%s:%s",
    "solutions": [
      "Check whether the metadata.resource of the response file is configured correctly."
    ]
  },
  "REMOTE_SIGN_HAR_FAILED": {
    "code": "00308011",
    "message": "Remote sign har failed.",
    "solutions": [
      "Verify that remote signing is configured correctly."
    ]
  },
  "JSON_READER_SYNTAX_ERROR": {
    "code": "00305008",
    "message": "%s at file: %s:%s",
    "solutions": [
      "Fix syntax errors related to the file path."
    ]
  },
  "NOT_CORRECT_JSON_FORMAT": {
    "code": "00305007",
    "message": "Not a correct JSON/JSON5 format, at file: %s",
    "solutions": [
      "Confirm whether the file is a valid JSON/JSON5 file."
    ]
  },
  "INVALID_MODULE_MODEL": {
    "code": "00304050",
    "message": "Invalid module model.",
    "solutions": [
      "Please check the integrity of the project and files."
    ]
  },
  "NODE_NOT_FOUND_BY_NODE_NAME": {
    "code": "00304051",
    "message": "node not found by node name: %s.",
    "solutions": [
      "Please check whether the build-profile.json5 is configured correctly."
    ]
  },
  "VERSION_IS_NOT_A_STRING": {
    "code": "00303183",
    "message": "Invalid dependency: Version %s is not a string.",
    "solutions": [
      "Check whether the configuration of setVersion() in the hvigorfile.ts is correct."
    ]
  },
  "DEPENDENCY_VERSION_IS_NOT_A_STRING": {
    "code": "00303184",
    "message": "Invalid dependency: DependencyVersion %s is not a string.",
    "solutions": [
      "Check whether the configuration of the hvigorfile.ts is correct."
    ]
  },
  "CAN_NOT_ADD_OR_DELETE_PRODUCTS": {
    "code": "00303185",
    "message": "Cannot add or delete products, at file: %s",
    "solutions": [
      "The number of products in the project-level buildProfile file cannot be changed."
    ]
  },
  "CAN_NOT_CHANGE_NAME_OR_RUNTIME_PRODUCTS": {
    "code": "00303186",
    "message": "Cannot rename or change the runtime OS of products. Expected %s.",
    "solutions": [
      "The runtime operating system and name of the product in the project-level buildProfile file cannot be modified"
    ]
  },
  "SCHEMA_PATH_NOT_INITIALIZED": {
    "code": "00304054",
    "message": "schemaPath not initialized at file: %s",
    "solutions": [
      "The associated schema has not been initialized. Please sync the project."
    ]
  },
  "INVALID_SDK_VERSION": {
    "code": "00303187",
    "message": "Invalid sdk version.",
    "solutions": [
      "Check whether the compatibleSdkVersion of the project-level build-profile.json5 is configured correctly."
    ]
  },
  "STARTUP_CONFIG_FILE_NOT_EXIST": {
    "code": "00304001",
    "message": "Invalid configuration in the '%s' module.json5. At file: %s",
    "solutions": [
      "Check whether the file %s exists."
    ]
  },
  "STARTUP_SRCENTRY_IS_ABSOLUTE": {
    "code": "00303017",
    "message": "Invalid app startup configuration '%s' in the module '%s': the value of 'srcEntry' or 'configEntry' in startupTasks should be a relative path. At file: %s",
    "solutions": [
      "Check whether the value of 'srcEntry' or 'configEntry' in startupTasks is a relative path."
    ]
  },
  "STARTUP_SRCENTRY_SUFFIX": {
    "code": "00303018",
    "message": "Invalid app startup configuration '%s' in the module '%s': the suffix of the code file specified by the field 'srcEntry' under 'startupTasks' and 'configEntry' should be ets,ts or js. At file: %s",
    "solutions": [
      "Check whether the suffix of the code file specified by the field 'srcEntry' under 'startupTasks' or 'configEntry' is ets,ts or js."
    ]
  },
  "STARTUP_SRCENTRY_MODULE_FILE": {
    "code": "00303019",
    "message": "Invalid app startup configuration '%s' in the module '%s': the file of 'srcEntry' or 'configEntry' in startupTasks should be the module file where it is configuration. At file: %s",
    "solutions": [
      "Check whether the file of 'srcEntry' or 'configEntry' in startupTasks is the module file where it is configuration."
    ]
  },
  "STARTUP_SRCENTRY_FILE_EXIST": {
    "code": "00303020",
    "message": "Invalid app startup configuration '%s' in the module '%s': the code file specified by the field 'srcEntry' or 'configEntry' in startupTasks must exist. At file: %s",
    "solutions": [
      "Check whether the code file specified by the field 'srcEntry' or 'configEntry' in startupTasks is exist."
    ]
  },
  "APP_PRELOAD_STARTUP_SRCENTRY_SUFFIX": {
    "code": "00303021",
    "message": "Invalid app startup configuration '%s' in the module '%s': the suffix of the code file specified by the field 'srcEntry' in appPreloadHintStartupTasks should be so. At file: %s",
    "solutions": [
      "Check whether the suffix of the code file specified by the field 'srcEntry' in appPreloadHintStartupTasks is so."
    ]
  },
  "STARTUP_TASK_NAME_UNIQUE": {
    "code": "00303022",
    "message": "Duplicate name '%s' exists in the %s attribute in the startup configuration file of the '%s' module.",
    "solutions": [
      "Check whether the %s attribute in the startup configuration files of the '%s' module and its related modules has the same name as '%s'."
    ]
  },
  "SHARE_CONFIG_URI_UNIQUE": {
    "code": "00303261",
    "message": "Duplicate uri '%s' exists in the %s attribute in the crossAppSharedConfig configuration file of the '%s' module.",
    "solutions": [
      "Check whether the %s attribute in the crossAppSharedConfig configuration file of the '%s' module  has the same uri as '%s'."
    ]
  },
  "INVALID_PLUGIN_EXPORT": {
    "code": "00302019",
    "message": "At file: %s , it exports an invalid plugin '%s' with invalid order return '%s'. Must return a number value. ",
    "solutions": [
      "Check the custom plugin exported at file: %s"
    ]
  },
  "DUPLICATED_PLUGIN_NAME_IN_ROLLUP": {
    "code": "00302020",
    "message": "'%s' exports an invalid plugin whose name '%s' duplicate with other plugins. Please rename this plugin.",
    "solutions": [
      "Rename plugin '%s' called '%s'."
    ]
  },
  "PLUGIN_FILE_NO_DEFAULT_EXPORT": {
    "code": "00302021",
    "message": "'%s' has no default export.",
    "solutions": [
      "Check if default export exists at file: %s ."
    ]
  },
  "EXPORT_UNDEFINED_PLUGIN": {
    "code": "00302022",
    "message": "'%s' exports an undefined plugin.",
    "solutions": [
      "Check if it exports an undefined plugin at file: %s ."
    ]
  },
  "INVALID_PLUGIN_TYPE": {
    "code": "00302023",
    "message": "'%s' exports an invalid plugin with type '%s'.",
    "solutions": [
      "Check if it exports an invalid plugin type at file: %s . The plugin should be an object"
    ]
  },
  "PLUGIN_NAME_NOT_EXIST": {
    "code": "00302024",
    "message": "'%s' exports an invalid plugin without a name.",
    "solutions": [
      "Check if plugin name exists at file: %s ."
    ]
  },
  "PLUGIN_NAME_NOT_STRING": {
    "code": "00302025",
    "message": "'%s' exports an invalid plugin whose name is not a string.",
    "solutions": [
      "Check if plugin name is a string at file: %s ."
    ]
  },
  "PLUGIN_NAME_WITH_UNKNOWN_ORDER": {
    "code": "00302026",
    "message": "'%s' exports an invalid plugin '%s' with unknown order '%s'.",
    "solutions": [
      "Check if plugin '%s' has an correct order at file: %s ."
    ]
  },
  "PLUGIN_NAME_WITH_UNKNOWN_HOOK": {
    "code": "00302027",
    "message": "'%s' exports an invalid plugin '%s' whose hook '%s' is not a function.",
    "solutions": [
      "Check if plugin '%s' has a hook named '%s' that is not a function at file: %s ."
    ]
  },
  "PRODUCT_NAME_NO_FOUND": {
    "code": "00303130",
    "message": "Unable to find the product '%s' for module '%s'. At file: %s ",
    "solutions": [
      "Verify the product attribute in the build-profile.json5 file."
    ]
  },
  "UNKNOWN_CPU_ABI": {
    "code": "00306035",
    "message": "Unknown abiFilter %s.",
    "solutions": [
      "Value should be one of: 'arm64-v8a', 'armeabi-v7a', 'x86_64'"
    ]
  },
  "INVALID_MODULE_TYPE_VALUE": {
    "code": "00303188",
    "message": "moduleType: %s is an invalid value.",
    "solutions": [
      "Value should be one of: 'entry', 'feature', 'har', 'shared'. Check the 'type' field in 'module.json5' or 'config.json'. "
    ]
  },
  "INVALID_RUNTIME_OS_VALUE": {
    "code": "00303189",
    "message": "RuntimeOS: %s is an invalid value. Please check it.",
    "solutions": [
      "Value should be one of: 'OpenHarmony', 'HarmonyOS'. Check 'runtimeOS' field in 'build-profile.json5'. "
    ]
  },
  "PAGE_ABILITY_REQUIRE_JS_COMPONENT": {
    "code": "00303190",
    "message": "A Page ability requires a JS component with the same name at %s.",
    "solutions": [
      "Make sure a JS component named %s is contained in the config.json file."
    ]
  },
  "ABILITY_NAME_NOT_EXIST": {
    "code": "00303191",
    "message": "Ability name %s does not exist in config.json.",
    "solutions": [
      "Check ability name at %s."
    ]
  },
  "CMAKE_FILE_API_PARSE_FAILED": {
    "code": "00305009",
    "message": "Cmake file api parse failed. At file: %s ",
    "solutions": [
      "There are no files started with 'index-' found. Check cmake output files at file: %s ",
      "Try to clean and rebuild the project."
    ]
  },
  "NO_ENTRY_MODULES_IN_FA_PROJECT": {
    "code": "00303192",
    "message": "'entryModules' must be configured for a feature module in FA project.",
    "solutions": [
      "Set 'entryModules' in the build-profile.json5 file for '%s' at %s."
    ]
  },
  "ON_DEVICE_TEST_FAIL": {
    "code": "00304055",
    "message": "The path %s does not exist. Failed to execute the command %s.",
    "solutions": [
      "Check module.json5/config.json exists at %s."
    ]
  },
  "BUILD_CONFIG_FILE_NOT_FOUND": {
    "code": "00304056",
    "message": "Can not find build config file build-profile.json5 at '%s'.",
    "solutions": [
      "Check if build-profile.json5 exists at: %s"
    ]
  },
  "DEVICE_TYPE_NOT_FOUND_FA": {
    "code": "00303193",
    "message": "Unable to obtain the module deviceType.",
    "solutions": [
      "Make sure the module/deviceType field is set correctly in the config.json. At file: %s "
    ]
  },
  "DEVICE_TYPE_NOT_FOUND_STAGE": {
    "code": "00303194",
    "message": "Unable to obtain the module deviceTypes.",
    "solutions": [
      "Make sure the module.deviceTypes field is set correctly in the module.json5. At file: %s "
    ]
  },
  "NO_MODULE_INFORMATION": {
    "code": "00303195",
    "message": "Unable to obtain the module information at file: %s ",
    "solutions": [
      "Make sure the module field is set correctly in the module.json5 file: %s "
    ]
  },
  "NO_MODULE_TYPE": {
    "code": "00303196",
    "message": "Unable to obtain the module type at file: %s ",
    "solutions": [
      "Make sure the module.type field is set correctly in the module.json5 file: %s "
    ]
  },
  "NO_PARAMETER_FILE_CONFIG": {
    "code": "00303197",
    "message": "Missing or invalid config of 'parameterFile' in the project-level oh-package.json5 file. Check at file: %s ",
    "solutions": [
      "Add 'parameterFile' field in project-level oh-package.json5 file at   file: %s "
    ]
  },
  "PARAMETER_FILE_NOT_EXIST": {
    "code": "00304057",
    "message": "The parameterFile file '%s' configured at the project level does not exist. Check at file: %s ",
    "solutions": [
      "Make sure the parameterFile configured in project-level oh-package.json5 exists. "
    ]
  },
  "PARAMETER_FILE_NOT_FILE": {
    "code": "00304058",
    "message": "The parameterFile file '%s' is not a file. Check at file: %s ",
    "solutions": [
      "Make sure the parameterFile configured in project-level oh-package.json5 exists. "
    ]
  },

  "PROJECT_BUILD_PROFILE_NOT_FOUND": {
    "code": "00304035",
    "message": "Can not find build config file build-profile.json5. At file: %s ",
    "solutions": [
      "Check build config file build-profile.json5 for '%s' "
    ]
  },
  "PROJECT_BUILD_PROFILE_NOT_COMPLY_WITH_SCHEMA": {
    "code": "00303198",
    "message": "The project-level build-profile.json5 file does not comply with the schema. ",
    "solutions": [
      "This may occur when the build-profile.json5 file of '%s' is directly copied from another module. ",
      "Or when the module's hvigorfile requires appTasks instead of hapTasks/hspTasks/harTasks. At file: %s ",
      "Make sure build-profile.json5 and hvigorfile are configured correctly."
    ]
  },
  "PRODUCT_NOT_FOUND": {
    "code": "00303199",
    "message": "No products found in the build-profile.json5 file. At file: %s ",
    "solutions": [
      "Add the products field to the build-profile.json5. At file: %s "
    ]
  },
  "INVALID_ARKUI_X_MODULE_NAME": {
    "code": "00303200",
    "message": "Invalid module name settings in these modules: '%s'. Check whether the module is valid. At file: %s ",
    "solutions": [
      "Check if module names are valid at file: %s "
    ]
  },
  "TARGET_NOT_EXIST_IN_COMMAND": {
    "code": "00303201",
    "message": "The module target '%s' is not found in the '%s'.",
    "solutions": [
      "Please check the command or module target configuration in 'build-profile.json5. "
    ]
  },
  "PLUGIN_DOES_NOT_MATCH_MODULE": {
    "code": "00302029",
    "message": "The plugin referenced in the hvigorfile does not match moduleType in the module.json5/config.json file. This may occur when the build-profile.json5 file is directly copied from a module, or when the hvigorfile has different task types registered, for example, hapTasks for a HAR module. ",
    "solutions": [
      "Make sure the module type set in build-profile.json5 of '%s' is consistent with the settings of hvigorfile at file: %s"
    ]
  },
  "MISMATCH_API_TYPE": {
    "code": "00302030",
    "message": "Mismatch with apiType at '%s'.",
    "solutions": [
      "Verify the settings in the hvigorfile or set apiType in the build-profile.json5 file to %s. At file: %s "
    ]
  },
  "OHOSTEST_NOT_SUPPORT_HAR_HSP": {
    "code": "00306036",
    "message": "Hvigor task '%s' is not supported for building an '%s' target '%s'.",
    "solutions": [
      "Select other targets for building a HAR/HSP module.",
      "Change 'ohosTest' as a target for building a HAP module.",
      "%s "
    ]
  },
  "OHOSTEST_CONFIG_PROFILE_NOT_FOUND": {
    "code": "00304060",
    "message": "The './%s/src/ohosTest' directory cannot be found, or the './%s/src/ohosTest/%s' file. ",
    "solutions": [
      "Please open the 'build_profile.json5' file of the '%s' module and delete the ohosTest target. Alternatively, make sure the module directory contains the './%s/src/ohosTest' folder and the '%s' file in the folder at file: %s "
    ]
  },
  "FA_NO_SYSTEM_PLUGIN": {
    "code": "00302031",
    "message": "Invalid exports, no system plugins were found in hvigorfile.ts. At file: %s ",
    "solutions":[
      "The 'system' field is missing in hvigorfile.ts. At file: %s ",
      "The plugin corresponding to the project-level hvigorfile.ts is legacyAppTasks, and the plugins corresponding to the module-level hvigorfile.ts is legacyHapTasks/legacyHarTasks.",
      "The hvigorfile.ts file does not use export default for exporting."
    ]
  },
  "STAGE_NO_SYSTEM_PLUGIN": {
    "code": "00302032",
    "message": "Invalid exports, no system plugins were found in hvigorfile. At file: %s ",
    "solutions": [
      "Check if system plugin defined correctly in file: %s "
    ]
  },
  "ERROR_ENTRY_CONFIG": {
    "code": "00303202",
    "message": "No available entry module found. ",
    "solutions": [
      "Check 'entryModules' in the build-profile.json5 file for module '%s'. At file: %s "
    ]
  },
  "ATOMIC_SERVICE_RELY_HSP": {
    "code": "00306037",
    "message": "The atomic service %s cannot depend on a shared module. ",
    "solutions": [
      "Remove dependency on the shared module. "
    ]
  },
  "BUILD_MODE_NOT_DEFINED": {
    "code": "00303203",
    "message": "Build mode '%s' used in command line is not declared in buildModeSet in file: %s ",
    "solutions": [
      "Use or add build mode '%s' in 'buildModeSet' field in file: %s"
    ]
  },
  "BUILD_MODE_BINDER_ERROR": {
    "code": "00303204",
    "message": "Build mode '%s' used in buildModeBinder is not declared in buildModeSet in file: %s ",
    "solutions": [
      "Use or add build mode '%s' in 'buildModeSet' field in file: %s"
    ]
  },
  "TARGET_IN_BUILD_MODE_BINDER_NOT_DEFINED": {
    "code": "00303205",
    "message": "Target '%s' used in buildModeBinder is not declared in file: %s ",
    "solutions": [
      "Use or add target in 'targets' field in file: %s"
    ]
  },
  "KEY_PASSWORD_VALID_FAILED": {
    "code": "00303242",
    "message": "Signature material verification failed, as: %s. At file: %s",
    "solutions": [
      "Please retrieve the signature materials again through File -> Project Structure -> Signing Configs."
    ]
  },
  "BUILD_OPTION_IN_BUILD_MODE_BINDER_NOT_DEFINED": {
    "code": "00303206",
    "message": "Build option '%s' used in buildModeBinder is not declared in file: %s ",
    "solutions": [
      "Use or add build option in 'buildOptionSet' field in file: %s"
    ]
  },
  "MODEL_NOT_CONSISTENT": {
    "code": "00306038",
    "message": "Stage model module %s does not allow Harmony library packages or modules in FA model. Build tasks will not be executed, and resources will not be packed. ",
    "solutions": [
      "%s Check in file: %s"
    ]
  },
  "HSP_RELY_HSP": {
    "code": "00306039",
    "message": "Shared Library cannot depend on shared module self in module '%s' at file: %s",
    "solutions": [
      "Remove the shared module HSP's self dependency."
    ]
  },
  "FA_RELY_OH_NPM": {
    "code": "00306040",
    "message": "Fa module '%s' does not allow OpenHarmony npm packages, which artifactType is not original. Check at file: %s",
    "solutions": [
      "%s "
    ]
  },
  "FA_RELY_OH_STAGE": {
    "code": "00306041",
    "message": "FA model module %s does not allow Harmony library packages or modules in Stage model. Build tasks will not be executed, and resources will not be packed. Check at file: %s",
    "solutions": [
      "%s "
    ]
  },
  "API_VERSION_VALIDATE_FAILED": {
    "code": "00306042",
    "message":  "In HarmonyOS configuration mode:\n- When API level is 10 or later, the value of compileSdkVersion/compatibleSdkVersion/targetSdkVersion must be string, Example: '5.0.0(12)'.\nIn OpenHarmony configuration mode:\n- When API level is 10 or later , the value of compileSdkVersion/targetSdkVersion must be a number, Example: 12.",
    "solutions":[
      "Check the project's build-profile.json5. At file: %s"
    ]
  },
  "HO_API_VERSION_VALIDATE_FAILED": {
    "code": "00306042",
    "message":  "In HarmonyOS configuration mode:\n- When API level is 10 or later, the value of compileSdkVersion/compatibleSdkVersion/targetSdkVersion must be string, Example: '5.0.0(12)'.",
    "solutions":[
      "Check the project's build-profile.json5. At file: %s"
    ]
  },
  "OH_API_VERSION_VALIDATE_FAILED": {
    "code": "00306042",
    "message":  "In OpenHarmony configuration mode:\n- When API level is 10 or later, the value of compileSdkVersion/targetSdkVersion must be a number, Example: 12.",
    "solutions":[
      "Check the project's build-profile.json5. At file: %s"
    ]
  },
  "NO_ARKUI_X_SDK_DIR": {
    "code": "00303207",
    "message": "Unable to find '%s' in 'local.properties' or '%s' in the system environment path. Check at file: %s ",
    "solutions": [
      "Please go to Settings > ArkUI-X and download the sdk. Open SDK Manager. "
    ]
  },
  "NO_SDK_HOME": {
    "code": "00303208",
    "message": "Unable to find '%s' in 'local.properties' or '%s' in the system environment path. Check at file: %s ",
    "solutions": [
      "Add '%s' to the system environment path. ",
      "Correct the value, run hvigorw --stop-daemon to stop the daemon process, and then try again."
    ]
  },
  "FA_NO_ENTRY_TARGET": {
    "code": "00303209",
    "message": "Unable to find target '%s' in module '%s'. ",
    "solutions": [
      "Make sure module '%s' has the same target as module '%s'. "
    ]
  },
  "SAME_NAME_ARK_DATA_JSON_FILE": {
    "code": "00303210",
    "message": "The %s file in the %s module has the same name as the %s file in the %s module",
    "solutions": [
      "Rename either of the files to proceed. "
    ]

  },
  "JS_MODULE_RELY_ETS_LIB": {
    "code": "00306043",
    "message": "JS module '%s' does not allow ArkTS dependency '%s'. Check at file: %s",
    "solutions": [
      "Check module '%s' 's dependencies.  "
    ]
  },
  "NO_TARGET_OHOSTEST": {
    "code": "00303211",
    "message": "The module %s does not exist ohosTest target, Failed to execute the command %s. ",
    "solutions": [
      "Check target OhosTest exists at module '%s' 's build-profile.json.  "
    ]
  },
  "OHOSTEST_PATH_NOT_EXIST": {
    "code": "00304061",
    "message": "The path '%s' does not exist, Failed to execute the command '%s'. ",
    "solutions": [
      "Make sure path '%s' exists. "
    ]
  },
  "OHOSTEST_MODULE_JSON_NOT_EXIST": {
    "code": "00304062",
    "message": "The file '%s' is not exist. ",
    "solutions": [
      "Make sure path '%s' exists. "
    ]
  },
  "STARTUP_SO_FILE_EXIST": {
    "code": "00303023",
    "message": "Invalid app startup configuration %s in the module %s: the .so file must exist and be correctly configured in the dependency. At file: %s",
    "solutions": [
      "Check whether the file %s exist and is correctly configured in the dependency."
    ]
  },
  "PATH_CAN_NOT_CONTAIN_CHINESE_CHARACTERS": {
    "code": "00306002",
    "message": "The Node directory and node name cannot contain Chinese characters at file: %s",
    "solutions": [
      "Remove Chinese characters.",
      "Set the node directory and node name to English."
    ]
  },
  "MAIN_FILE_DOES_NOT_EXIST": {
    "code": "00304003",
    "message": "Invalid main file '%s' defined in file: %s",
    "solutions": [
      "Please make sure '%s' exists.",
      "Modify the value of 'main' field."
    ]
  },
  "INVALID_MAIN_FILE_EXT": {
    "code": "00303050",
    "message": "The value of 'main' must be a .ets, .ts, or .js file.",
    "solutions": [
      "Modify the value of 'main' field at file: %s"
    ]
  },
  "WORKER_PATH_DOES_NOT_EXIST": {
    "code": "00304005",
    "message": "Cannot find file by '%s' at file: %s",
    "solutions": [
      "Please make sure '%s' exists.",
      "Remove '%s' from 'workers' field."
    ]
  },
  "INVALID_WORKER_FILE_EXT": {
    "code": "00303051",
    "message": "Field 'workers' only accepts path ends with '.js', '.ts' or '.ets' but get: '%s'. At file: %s",
    "solutions": [
      "Remove '%s' from 'workers' field.",
      "Modify the value of 'workers' field."
    ]
  },
  "LITE_WEARABLE_UNDER_API8_IN_SINGLE_FRAMEWORK_ONLY_SUPPORT_JS": {
    "code": "00303052",
    "message": "Lite-wearable devices with API version 9 or later support only JS.",
    "solutions": [
      "Remove 'ets' folder from 'src/main'."
    ]
  },
  "SDK_VERSION_TOO_LOW": {
    "code": "00301002",
    "message": "The SDK version configured for the current project is too low.",
    "solutions": [
      "Update the DevEco Studio from official website."
    ],
    "moreInfo": {
      "cn": "https://developer.huawei.com/consumer/cn/download",
      "en": "https://developer.huawei.com/consumer/en/download"
    }
  },
  "FA_MODE_DOES_NOT_SUPPORT_UNIT_TEST": {
    "code": "00302001",
    "message": "FA mode does not support unit test.",
    "solutions": [
      "Try unit test in Stage mode."
    ]
  },
  "MULTIPLE_MODULE_NAME": {
    "code": "00303053",
    "message": "The module name %s in build-profile.json5 or hvigorconfig.ts must be same as moduleName in %s. At file: %s",
    "solutions": [
      "Change '%s' to '%s'."
    ]
  },
  "TYPES_WITHOUT_ETS_CODE": {
    "code": "00303054",
    "message": "Only ArkTS project supports custom types.",
    "solutions": [
      "Make sure 'src/main/ets' exists.",
      "Create an API version %s or later project with ArkTS language to use custom types."
    ]
  },
  "TYPES_FILES_DO_NOT_EXIST": {
    "code": "00304007",
    "message": "Can not find the custom type's declaration file: '%s' at file: %s",
    "solutions": [
      "Please make sure custom type's declaration file exists."
    ]
  },
  "TYPES_FILES_WITH_REDUNDANT_EXT": {
    "code": "00303055",
    "message": "The custom type's declaration file '%s' does not require the suffix '%s'. At file: %s",
    "solutions": [
      "Please remove the suffix '%s' of type '%s'."
    ]
  },
  "INVALID_TYPES_FILES_EXT": {
    "code": "00303056",
    "message": "The suffix of custom type's declaration file '%s' is not valid. At file: %s",
    "solutions": [
      "Please check the extension of custom type's declaration file is .d.ts or .d.ets."
    ]
  },
  "DYNAMIC_DEPENDENCIES_PROHIBIT": {
    "code": "00303057",
    "message": "Current module %s do not support dynamicDependencies.",
    "solutions": [
      "Change dynamicDependencies to dependencies."
    ]
  },
  "INVALID_DEFAULT_DIMENSION": {
    "code": "00303058",
    "message": "Invalid default dimension settings in these widgets: \"%s\". At file: %s",
    "solutions": [
      "Make sure the value of defaultDimension is contained within that of supportDimensions."
    ]
  },
  "DUPLICATED_PERMISSIONS": {
    "code": "00303059",
    "message": "Duplicate permission names detected under \"%s\": \"%s\". At file: %s",
    "solutions": [
      "Remove them to make sure each name is unique."
    ]
  },
  "INVALID_CUSTOM_SYSCAP": {
    "code": "00303060",
    "message": "The intersection of the system capability sets configured for multiple devices is empty. At file: %s",
    "solutions": [
      "Invalid configuration in %s file or unable to find the systemCapability set corresponding to the deviceType which defined in the '%s' %s or %s."
    ]
  },
  "CUSTOM_SYSCAP_IN_EMPTY_DEVICE_TYPES": {
    "code": "00303061",
    "message": "The device type defined in the %s of the module '%s' is empty, and the general and custom fields in the %s file are not specified or their values are empty.\n at %s",
    "solutions": [
      "Check the %s or %s file of the module '%s'."
    ]
  },
  "UNABLE_TO_REMOVE_BUILD_DIR": {
    "code": "00308004",
    "message": "Unable to delete %s.",
    "solutions": [
      "Some files may be opened by another program, please check and try again."
    ]
  },
  "INVALID_TARGET_DEVICETYPE": {
    "code": "00303062",
    "message": "Invalid target deviceType. At file: %s",
    "solutions": [
      "Make sure the deviceType field for the '%s' target in the build-profile.json5 file is a subset of deviceType of the module."
    ]
  },
  "DEVICETYPE_IS_NOT_CONFIGURED": {
    "code": "00303063",
    "message": "The deviceType field is not configured in module. At file: %s",
    "solutions": [
      "Set 'deviceType' value to '[]'."
    ]
  },
  "HOT_RELOAD_PROHIBIT": {
    "code": "00303064",
    "message": "Hot reload is only supported for esmodule mode in the stage model. At file: %s",
    "solutions": [
      "Please check attribute apiType and compileMode from build-profile.json5. For details about hot reload, see %s."
    ]
  },
  "RUNTIME_OS_DOES_NOT_MATCH": {
    "code": "00303065",
    "message": "The runtimeOS configuration of the target %s:%s does not match the product %s. At file: %s",
    "solutions": [
      "Change runtimeOS '%s' to '%s'"
    ]
  },
  "TARGETS_DO_NOT_MATCH": {
    "code": "00303066",
    "message": "The runtimeOS configuration of the target %s does not match %s. At file: %s",
    "solutions": [
      "Within the same 'product', all 'runtimeOS' need to be consistent."
    ]
  },
  "INVALID_PROJECT_PATH": {
    "code": "00306003",
    "message": "Invalid project path. Current path does not match: %s",
    "solutions": [
      "Please move the project to a valid path."
    ]
  },
  "BUNDLE_NAME_DOES_NOT_MATCH": {
    "code": "00303074",
    "message": "The bundleName in %s/hvigorfile.ts does not match the bundleName in the generated SigningConfigs. At file: %s",
    "solutions": [
      "Open File > Project Structure > Signing Configs and click Fix, or manually fix SigningConfigs in project-level build-profile.json5 file.",
      "Go to %s/hvigorfile.ts and update the bundleName value."
    ]
  },
  "UNKNOWN_TARGET_IN_PROJECT_BUILD_PROFILE": {
    "code": "00303073",
    "message": "Unknown target '%s'.\n At file: %s",
    "solutions": [
      "Check the value of name under the targets tag of the module: '%s'."
    ]
  },
  "OHOS_TEST_CAN_NOT_APPLY_TO_PRODUCT": {
    "code": "00303072",
    "message": "The 'ohosTest' target does not need to be packaged into the application. 'ohosTest' target cannot be applied to product. At file: %s",
    "solutions": [
      "Delete the 'ohosTest' configuration from the 'targets' field in the '%s' module in the build_profile.json5 file."
    ]
  },
  "INVALID_PRODUCT_FOR_TARGET": {
    "code": "00303071",
    "message": "Invalid product for target '%s'. At file: %s",
    "solutions": [
      "Check the target 'applyToProducts' field for '%s': %s."
    ]
  },
  "COMPATIBLE_VERSION_TOO_LOW": {
    "code": "00303067",
    "message": "The compatible version of the HAR module '%s' cannot be higher than that of the HAP module.",
    "solutions": [
      "Set 'app.apiVersion.compatible' equal or larger than '%s' in config.json."
    ]
  },
  "TYPE_OF_VALUE_IN_CONFIG_IS_NOT_SAME": {
    "code": "00303068",
    "message": "Type of attribute '%s' in config.json/module.json5 of HAP is different from the another HAP while compiling '%s'.",
    "solutions": [
      "Correct the type in the config.json/module.json5 file."
    ]
  },
  "TARGET_ABILITY_NAME_CONFLICT": {
    "code": "00303069",
    "message": "'%s' conflict occurred when merging the config.json files in HAP and HAR packages while compiling '%s'.",
    "solutions": [
      "Verify the target function settings."
    ]
  },
  "MERGE_RULE_CONFLICT": {
    "code": "00303070",
    "message": "Unable to merge Config.json files. The value '%s'%s' conflicts with the value: '%s' of a subtag in the HAR file while compiling '%s'.",
    "solutions": [
      "Verify and then add 'mergeRule' in the HAP."
    ]
  },
  "NO_DEVICE_TYPE_INTERSECTION_WITH_ENTRY_MODULES": {
    "code": "00303077",
    "message": "The deviceType values ('%s') of %s in the %s don't overlap that ('%s') of %s in the associated %s module. At file: %s",
    "solutions": [
      "Change the deviceType values of %s in the above modules so that they overlap."
    ]
  },
  "FORM_PAGES_NOT_FOUND": {
    "code": "00304008",
    "message": "Forms referenced in the config: '%s', was not found in the project or the libraries. At file: %s",
    "solutions": [
      "Please make sure '%s' exists.",
      "Remove '%s' from 'pages' field."
    ]
  },
  "SAME_NAME_BETWEEN_FORM_AND_ABILITY": {
    "code": "00303078",
    "message": "Forms referenced in the config. In the configuration item named '%s', the type field does not match between 'module.abilities' and '%s'. At file: %s",
    "solutions": [
      "Change one of them to make sure each name is unique."
    ]
  },
  "ATOMIC_SERVICE_DOES_NOT_SUPPORT_IN_FA": {
    "code": "00303079",
    "message": "Atomic service development does not support in the FA mode.",
    "solutions": [
      "Try Atomic service in Stage mode."
    ]
  },
  "INVALID_CONFIG_UNDER_TARGET": {
    "code": "00303080",
    "message": "Invalid %s under target. At file: %s",
    "solutions": [
      "Check %s in build-profile.json5 configured in config.json."
    ]
  },
  "PROJECT_STRUCTURE_AND_CONFIGURATION": {
    "code": "00303024",
    "message": "The project structure and configuration need to be upgraded before use.",
    "solutions": [
      "Use the migration tool to update the project structure and configuration with Deveco Studio, or refer to the guide to manually update the project structure and configuration."
    ]
  },
  "INCOMPATIBLE_TYPES_OF_HVIGOR_MODEL_VERSION": {
    "code": "00303025",
    "message": "Incompatible types of hvigor modelVersion, at file: %s",
    "solutions": [
      "Change the moduleVersion %s to the string type."
    ]
  },
  "INCOMPATIBLE_TYPES_OF_OH_MODEL_VERSION": {
    "code": "00303026",
    "message": "Incompatible types of oh-package.json5 modelVersion, at file: %s",
    "solutions": [
      "Change the moduleVersion %s to the string type."
    ]
  },
  "INCONSISTENT_MODEL_VERSION": {
    "code": "00303027",
    "message": "The modelVersion in hvigor-config.json5 is %s, and the modelVersion in oh-package.json5 is %s, at file: %s",
    "solutions": [
      "They need to be consistent. Use the migration tool to update the project structure and configuration with Deveco Studio, or refer to the guide to manually update the project structure and configuration."
    ]
  },
  "UNSUPPORTED_MODEL_VERSION_OF_HVIGOR": {
    "code": "00303028",
    "message": "Unsupported modelVersion of Hvigor %s.",
    "solutions": [
      "The supported Hvigor modelVersion is %s."
    ]
  },
  "UNSUPPORTED_MODEL_OH_PKG_OF_HVIGOR": {
    "code": "00303029",
    "message": "Unsupported modelVersion of oh-package.json5 %s, at file: %s",
    "solutions": [
      "The supported oh-package.json5 modelVersion is %s."
    ]
  },
  "OPENHARMONY_WITHOUT_COMPILESDKVERSION": {
    "code": "00303030",
    "message": "For the OpenHarmony project, you need to configure the compileSdkVersion in the product, at file: %s",
    "solutions": [
      "Please configure the compileSdkVersion in the product."
    ]
  },
  "UNSUPPORTED_COMPILESDKVERSION": {
    "code": "00303031",
    "message": "Unsupported compileSdkVersion %s, at file: %s",
    "solutions": [
      "Please modify compileSdkVersion to %s."
    ]
  },
  "UNSUPPORTED_COMPATIBLESDKVERSION": {
    "code": "00303032",
    "message": "Unsupported compatiblesdkversion %s, at file: %s",
    "solutions": [
      "The supported versions range from %s to %s."
    ]
  },
  "NO_COMPATIBLESDKVERSION": {
    "code": "00303033",
    "message": "Please configure compatibleSdkVersion in the product, at file: %s",
    "solutions": []
  },
  "NO_COMPILESDKVERSION_IN_OPENHARMONY": {
    "code": "00303034",
    "message": "For the OpenHarmony project, Please configure compileSdkVersion in the product, at file: %s",
    "solutions": []
  },
  "FA_COMPATIBLESDKVERSION": {
    "code": "00303035",
    "message": "According to the compatibility specifications, fa-model project can only support the development of API version 8 or later.",
    "solutions": [
      "Upgrade compatibleSdkVersion to 8 or later, at file: %s"
    ]
  },
  "STAGE_COMPATIBLESDKVERSION": {
    "code": "00303036",
    "message": "According to the compatibility specifications, stage-model project can only support the development of API version 9 or later.",
    "solutions": [
      "Upgrade compatibleSdkVersion to 9 or later, at file: %s"
    ]
  },
  "API_COMPATIBLESDKVERSION": {
    "code": "00303037",
    "message": "According to the compatibility specifications, apps of API version %s or stage mode can only run on devices of API version %s or later.",
    "solutions": [
      "Upgrade devices of API version to %s or later.",
      "Change apps of API version to devices of API version."
    ]
  },
  "SCHEMA_VALIDATE_FAILED": {
    "code": "00303038",
    "message": "%s",
    "solutions": [
      "%s %s %s"
    ]
  },
  "UNEQUAL_NAMES": {
    "code": "00303039",
    "message": "Duplicated %s: %s.",
    "solutions": [
      "Ensure that all %s names are unique, at file: %s"
    ]
  },
  "NO_DEFAULT_PRODUCT": {
    "code": "00303040",
    "message": "Unable to find or load the default product.",
    "solutions": [
      "Add the product named 'default', at file: %s"
    ]
  },
  "INCONSISTENT_DEVICE_TYPES": {
    "code": "00303041",
    "message": "It's not allowed to configure mini-system device when standard-system device exists.",
    "solutions": [
      "Check whether the device type field is correctly configured."
    ]
  },
  "UNEQUAL_MINI_SYSTEM_DEVICE_TYPES": {
    "code": "00303042",
    "message": "The device types cannot include multiple mini-system devices.",
    "solutions": [
      "Check whether the device type field is correctly configured."
    ]
  },
  "FA_MINI_SYSTEM_DEVICE_TYPES": {
    "code": "00303043",
    "message": "Mini-system devices cannot be configured in an FA project.",
    "solutions": [
      "Verify the deviceType field in the config.json file."
    ]
  },
  "ONLY_DEFAULT_CARD": {
    "code": "00303044",
    "message": "Only one default card can be configured, at file: %s",
    "solutions": []
  },
  "WHEN_UPDATEENABLED_EXISTS_UPDATEDURATION_AND_SCHEDULEUPDATETIME_ARE_NOT_EMPTY": {
    "code": "00303045",
    "message": "In the form_config.json file, if the value of the updateEnabled field is true, the updateDuration and scheduleUpdateTime fields cannot be both empty. At file: %s",
    "solutions": []
  },
  "INVALID_PARAMETER_KEYS": {
    "code": "00303046",
    "message": "Invalid key: %s in parameterFile.",
    "solutions": [
      "at %s."
    ]
  },
  "INCORRECT_PARAMETER_KEYS_FORMAT": {
    "code": "00303047",
    "message": "The key: %s in parameterFile is invalid, only support at(@), slashe(/), letters, digits, dots(.), hyphens(-), and underscores(_). For details, see the package name verification rules.",
    "solutions": []
  },
  "INVALID_PARAMETER_VALUES": {
    "code": "00303048",
    "message": "Invalid version: %s in parameterFile, the version must comply with the semver specifications.",
    "solutions": []
  },
  "NO_HAP_SIGNING_TOOL": {
    "code": "00301001",
    "message": "No HAP signing tool found in the SDK.",
    "solutions": [
      "Check %s then download toolchains in the SDK again."
    ]
  },
  "FILE_NO_END_WITH_ETS": {
    "code": "00303233",
    "message": "The file must end with '.ets' in '%s'. At file: %s",
    "solutions": [
      "Please check if the file name is correct."
    ]
  },
  "FILE_NOT_EXIST": {
    "code": "00303235",
    "message": "Cannot find the file under the specified path '%s'",
    "solutions": [
      "Please check if the file in the path exists."
    ]
  },
  "INVALID_TARGETS_RESOURCE": {
    "code": "00304002",
    "message": "Invalid Targets resource %s configuration.",
    "solutions": [
      "Check whether the resource directories field is correctly configured."
    ]
  },
  "FA_MODE_DOES_NOT_SUPPORT_FAST_BUILD": {
    "code": "00302003",
    "message": "FA mode does not support fast build.",
    "solutions": [
      "Try with in Stage mode."
    ]
  },
  "OHOS_ALIGN_TARGET_TYPE_ERROR": {
    "code": "00303237",
    "message": "The value of 'ohos.align.target' must be a string. At file: %s",
    "solutions": [
      "Update the configuration 'ohos.align.target' to a valid string type"
    ]
  },
  "INSIGHT_INTENT_INVALID_ABILITY_NAME": {
    "code": "00303238",
    "message": "Invalid ability name '%s'. At file: %s",
    "solutions": [
      "Make sure the name '%s' has been configured under abilities in the module.json5 file."
    ]
  },
  "INSIGHT_INTENT_INVALID_SERVICE_EXTENSION_ABILITY_NAME": {
    "code": "00303243",
    "message": "Invalid ability name '%s'. At file: %s",
    "solutions": [
      "Make sure under extensionAbilities in the module.json5 file, there is an extension ability whose type is 'service' and name is '%s'."
    ]
  },
  "INSIGHT_INTENT_INVALID_FORM_ABILITY_NAME": {
    "code": "00303244",
    "message": "Invalid ability name '%s'. At file: %s",
    "solutions": [
      "Make sure under extensionAbilities in the module.json5 file, there is an extension ability whose type is 'form' and name is '%s'."
    ]
  },
  "INSIGHT_INTENT_INVALID_UI_EXTENSION_ABILITY_NAME": {
    "code": "00303245",
    "message": "Invalid ability name '%s'. At file: %s",
    "solutions": [
      "Make sure the name '%s' has been configured under abilities or extensionAbilities in the module.json5 file."
    ]
  },
  "MODULE_DEPENDENCY_KEY_ERROR": {
    "code": "00303246",
    "message": "Failed to find module '%s' in project'. At file: %s",
    "solutions": [
      "Please verify whether the 'modules' section in the project's build-profile.json5 contains configuration details for the specified module.",
      "Please ensure that the module has oh-package.json5 file."
    ]
  },
  "FA_DOES_NOT_SUPPORT_PRELOAD_SYSTEM_SO": {
    "code": "00303250",
    "message": "FA mode does not support 'preloadSystemSo'.",
    "solutions": [
      "Set 'preloadSystemSo' to false or remove it at file: %s"
    ]
  },
  "SINGLE_EMIT_DOES_NOT_SUPPORT_WHEN_PRELOAD_SYSTEM_SO_ENABLED": {
    "code": "00303251",
    "message": "'ohos.arkCompile.singleFileEmit' does not support when 'preloadSystemSo' is set to true.",
    "solutions": [
      "Set 'ohos.arkCompile.singleFileEmit' to false or remove it at file: %s"
    ]
  },
  "FA_DOES_NOT_SUPPORT_EXPAND_IMPORT_PATH": {
    "code": "00303262",
    "message": "FA mode does not support 'expandImportPath'.",
    "solutions": [
      "Set 'expandImportPath.enable' to false or remove it at file: %s"
    ]
  },
  "INVALID_EXCLUDE_EXPAND_IMPORT_CONFIGS": {
    "code": "00303263",
    "message": "Dependency names: '[%s]' configured in 'expandImportPath.exclude' are prohibited in current module.",
    "solutions": [
      "Please remove them from 'expandImportPath.exclude' at file: %s"
    ]
  },
  "CANNOT_FIND_SO_SOURCE": {
    "code": "00304066",
    "message": "Non-existent file %s.",
    "solutions": [
      "Make sure the file '%s' exists. "
    ]
  },
  "BUILD_PROFILE_CONFIGURATION_ERROR": {
    "code": "00303265",
    "message": "%s At file: %s",
    "solutions": [
      "%s"
    ]
  },
  "FILE_WRITE_FAILED": {
    "code": "00308005",
    "message": "Write file failed: %s, at file: %s",
    "solutions": [
      "Check whether the file exists.",
      "Check whether the current user has the permission to write the file.",
      "Check whether the file is occupied by other processes."
    ]
  },
  "PRODUCT_NAME_NOT_FOUND_IN_PROFILE": {
    "code": "00303267",
    "message": "Can not find product %s. At file: %s",
    "solutions": [
      "Invalid product name, please check"
    ]
  },
  "HAR_DEDUPLICATE_DEPENDENCY_CHECK_ERROR": {
    "code": "00303268",
    "message": "%s",
    "solutions": [
      "Check the %s's oh-package.json. At file: %s"
    ]
  },
  "HAR_DEDUPLICATE_FA_MODE_DOES_NOT_SUPPORT": {
    "code": "00303269",
    "message": "The FA model does not support the 'deduplicateHar' field. At file: %s",
    "solutions": [
      "Set 'deduplicateHar' to false or remove it."
    ]
  },
  "HAR_DEDUPLICATE_COMPATIBLEAPIVERSION_CHECK": {
    "code": "00303270",
    "message": "'deduplicateHar' can be enabled only when 'compatibleSdkVersion' is greater than or equal to 21. At file: %s",
    "solutions": [
      "Upgrade 'compatibleSdkVersion' to 21 or later.",
      "Set 'deduplicateHar' to false or remove it."
    ]
  },
  "HAR_DEDUPLICATE_ID_DEFINED_FILE_PATH_MUST_EXISTS": {
    "code": "00303271",
    "message": "'idDefinedFilePath': %s must be an existing json5 file. At file: %s",
    "solutions": [
      "Make sure the path provided is valid."
    ]
  },
  "HAR_DEDUPLICATE_ID_DEFINED_FILE_PATH_MUST_SET": {
    "code": "00303272",
    "message": "When 'deduplicateHar' is enabled, the 'idDefinedFilePath' field must be configured. At file: %s",
    "solutions": [
      "Set 'idDefinedFilePath' in resOptions."
    ]
  },
  "HAR_DEDUPLICATE_SUPPORT_ONLY_ONE_HAP": {
    "code": "00303273",
    "message": "The 'deduplicateHar' field supports only one HAP per product. Now there are %s haps: %s in product %s.",
    "solutions": [
      "Make sure there is only one HAP per product."
    ]
  },
  "HAR_DEDUPLICATE_LIBISOLATION_NOT_SUPPORTED": {
    "code": "00303274",
    "message": "When 'deduplicateHar' is enabled, the 'libIsolation' field cannot be set to true. At file: %s",
    "solutions": [
      "Set 'libIsolation' to false or remove it."
    ]
  },
  "HAR_DEDUPLICATE_USENORMALIZED_OHMURL_MUST_SET": {
    "code": "00303275",
    "message": "When 'deduplicateHar' is enabled, the 'useNormalizedOHMUrl' field must be set to true. At file: %s",
    "solutions": [
      "Set 'useNormalizedOHMUrl' to true."
    ]
  }
}
